<?xml version="1.0" encoding="UTF-8"?>
<coverage generated="1776286505679" clover="3.2.0">
  <project timestamp="1776286505679" name="All files">
    <metrics statements="326" coveredstatements="315" conditionals="256" coveredconditionals="210" methods="78" coveredmethods="71" elements="660" coveredelements="596" complexity="0" loc="326" ncloc="326" packages="3" files="6" classes="6"/>
    <package name="data">
      <metrics statements="48" coveredstatements="48" conditionals="29" coveredconditionals="27" methods="3" coveredmethods="3"/>
      <file name="demo.js" path="/home/bsaunders/code/pharmverify-pwa/src/lib/data/demo.js">
        <metrics statements="10" coveredstatements="10" conditionals="4" coveredconditionals="4" methods="1" coveredmethods="1"/>
        <line num="1" count="1" type="stmt"/>
        <line num="122" count="1" type="stmt"/>
        <line num="158" count="1" type="stmt"/>
        <line num="240" count="1" type="stmt"/>
        <line num="303" count="1" type="stmt"/>
        <line num="379" count="5" type="cond" truecount="4" falsecount="0"/>
        <line num="380" count="1" type="stmt"/>
        <line num="381" count="1" type="stmt"/>
        <line num="382" count="1" type="stmt"/>
        <line num="383" count="2" type="stmt"/>
      </file>
      <file name="diseases.js" path="/home/bsaunders/code/pharmverify-pwa/src/lib/data/diseases.js">
        <metrics statements="38" coveredstatements="38" conditionals="25" coveredconditionals="23" methods="2" coveredmethods="2"/>
        <line num="5" count="44" type="stmt"/>
        <line num="11" count="44" type="stmt"/>
        <line num="32" count="44" type="stmt"/>
        <line num="92" count="2376" type="stmt"/>
        <line num="105" count="44" type="stmt"/>
        <line num="143" count="44" type="stmt"/>
        <line num="197" count="44" type="stmt"/>
        <line num="274" count="44" type="stmt"/>
        <line num="359" count="44" type="stmt"/>
        <line num="396" count="44" type="stmt"/>
        <line num="446" count="44" type="stmt"/>
        <line num="498" count="44" type="stmt"/>
        <line num="565" count="44" type="stmt"/>
        <line num="601" count="44" type="stmt"/>
        <line num="650" count="44" type="stmt"/>
        <line num="702" count="44" type="stmt"/>
        <line num="761" count="44" type="stmt"/>
        <line num="800" count="44" type="stmt"/>
        <line num="854" count="44" type="stmt"/>
        <line num="929" count="44" type="stmt"/>
        <line num="985" count="44" type="stmt"/>
        <line num="1024" count="44" type="stmt"/>
        <line num="1078" count="44" type="stmt"/>
        <line num="1156" count="44" type="stmt"/>
        <line num="1211" count="44" type="stmt"/>
        <line num="1249" count="44" type="stmt"/>
        <line num="1302" count="44" type="stmt"/>
        <line num="1378" count="44" type="stmt"/>
        <line num="1438" count="44" type="stmt"/>
        <line num="1476" count="44" type="stmt"/>
        <line num="1529" count="44" type="stmt"/>
        <line num="1603" count="44" type="stmt"/>
        <line num="1616" count="51" type="stmt"/>
        <line num="1617" count="51" type="cond" truecount="2" falsecount="0"/>
        <line num="1618" count="50" type="cond" truecount="2" falsecount="0"/>
        <line num="1619" count="51" type="cond" truecount="1" falsecount="1"/>
        <line num="1620" count="50" type="cond" truecount="2" falsecount="1"/>
        <line num="1621" count="51" type="stmt"/>
      </file>
    </package>
    <package name="stores">
      <metrics statements="211" coveredstatements="200" conditionals="123" coveredconditionals="97" methods="69" coveredmethods="62"/>
      <file name="app.js" path="/home/bsaunders/code/pharmverify-pwa/src/lib/stores/app.js">
        <metrics statements="116" coveredstatements="106" conditionals="66" coveredconditionals="45" methods="38" coveredmethods="34"/>
        <line num="5" count="43" type="stmt"/>
        <line num="8" count="43" type="cond" truecount="1" falsecount="1"/>
        <line num="9" count="43" type="stmt"/>
        <line num="10" count="43" type="stmt"/>
        <line num="11" count="43" type="cond" truecount="2" falsecount="0"/>
        <line num="12" count="5" type="stmt"/>
        <line num="13" count="5" type="cond" truecount="5" falsecount="0"/>
        <line num="15" count="3" type="stmt"/>
        <line num="19" count="20" type="cond" truecount="1" falsecount="1"/>
        <line num="20" count="20" type="stmt"/>
        <line num="21" count="20" type="stmt"/>
        <line num="25" count="43" type="stmt"/>
        <line num="26" count="43" type="cond" truecount="2" falsecount="0"/>
        <line num="27" count="43" type="cond" truecount="2" falsecount="0"/>
        <line num="28" count="43" type="stmt"/>
        <line num="29" count="43" type="stmt"/>
        <line num="30" count="43" type="stmt"/>
        <line num="31" count="43" type="stmt"/>
        <line num="32" count="43" type="stmt"/>
        <line num="35" count="5" type="stmt"/>
        <line num="36" count="5" type="stmt"/>
        <line num="37" count="5" type="cond" truecount="2" falsecount="0"/>
        <line num="38" count="4" type="stmt"/>
        <line num="40" count="5" type="stmt"/>
        <line num="44" count="2" type="stmt"/>
        <line num="45" count="2" type="stmt"/>
        <line num="46" count="2" type="cond" truecount="1" falsecount="1"/>
        <line num="47" count="2" type="stmt"/>
        <line num="48" count="2" type="stmt"/>
        <line num="49" count="2" type="stmt"/>
        <line num="50" count="2" type="stmt"/>
        <line num="51" count="3" type="cond" truecount="2" falsecount="0"/>
        <line num="52" count="3" type="stmt"/>
        <line num="54" count="2" type="stmt"/>
        <line num="55" count="2" type="stmt"/>
        <line num="57" count="2" type="stmt"/>
        <line num="61" count="2" type="stmt"/>
        <line num="62" count="2" type="stmt"/>
        <line num="63" count="14" type="cond" truecount="2" falsecount="0"/>
        <line num="64" count="2" type="stmt"/>
        <line num="65" count="2" type="stmt"/>
        <line num="67" count="2" type="cond" truecount="5" falsecount="0"/>
        <line num="68" count="2" type="stmt"/>
        <line num="72" count="1" type="stmt"/>
        <line num="73" count="1" type="stmt"/>
        <line num="74" count="7" type="cond" truecount="2" falsecount="0"/>
        <line num="75" count="1" type="stmt"/>
        <line num="76" count="1" type="stmt"/>
        <line num="77" count="1" type="stmt"/>
        <line num="78" count="1" type="stmt"/>
        <line num="79" count="1" type="cond" truecount="1" falsecount="1"/>
        <line num="80" count="1" type="stmt"/>
        <line num="82" count="1" type="stmt"/>
        <line num="83" count="1" type="stmt"/>
        <line num="84" count="1" type="stmt"/>
        <line num="86" count="1" type="cond" truecount="2" falsecount="3"/>
        <line num="87" count="1" type="stmt"/>
        <line num="89" count="43" type="stmt"/>
        <line num="90" count="43" type="stmt"/>
        <line num="93" count="43" type="stmt"/>
        <line num="98" count="3" type="stmt"/>
        <line num="99" count="3" type="stmt"/>
        <line num="100" count="3" type="stmt"/>
        <line num="104" count="2" type="stmt"/>
        <line num="105" count="2" type="stmt"/>
        <line num="108" count="43" type="stmt"/>
        <line num="109" count="43" type="stmt"/>
        <line num="112" count="2" type="stmt"/>
        <line num="113" count="2" type="stmt"/>
        <line num="114" count="2" type="stmt"/>
        <line num="118" count="2" type="stmt"/>
        <line num="119" count="2" type="cond" truecount="1" falsecount="1"/>
        <line num="120" count="0" type="cond" truecount="0" falsecount="2"/>
        <line num="122" count="2" type="stmt"/>
        <line num="123" count="2" type="stmt"/>
        <line num="128" count="2" type="stmt"/>
        <line num="129" count="2" type="stmt"/>
        <line num="130" count="2" type="cond" truecount="2" falsecount="0"/>
        <line num="131" count="2" type="stmt"/>
        <line num="135" count="1" type="stmt"/>
        <line num="136" count="1" type="stmt"/>
        <line num="140" count="9" type="stmt"/>
        <line num="141" count="42" type="stmt"/>
        <line num="142" count="9" type="cond" truecount="2" falsecount="0"/>
        <line num="143" count="8" type="stmt"/>
        <line num="145" count="1" type="stmt"/>
        <line num="146" count="1" type="stmt"/>
        <line num="148" count="9" type="stmt"/>
        <line num="150" count="9" type="stmt"/>
        <line num="155" count="20" type="stmt"/>
        <line num="156" count="20" type="stmt"/>
        <line num="157" count="20" type="stmt"/>
        <line num="161" count="1" type="stmt"/>
        <line num="162" count="1" type="stmt"/>
        <line num="163" count="1" type="stmt"/>
        <line num="167" count="4" type="stmt"/>
        <line num="168" count="4" type="stmt"/>
        <line num="169" count="4" type="stmt"/>
        <line num="170" count="4" type="stmt"/>
        <line num="171" count="4" type="cond" truecount="1" falsecount="1"/>
        <line num="175" count="1" type="stmt"/>
        <line num="176" count="1" type="cond" truecount="1" falsecount="1"/>
        <line num="177" count="1" type="stmt"/>
        <line num="178" count="1" type="stmt"/>
        <line num="179" count="1" type="stmt"/>
        <line num="180" count="1" type="stmt"/>
        <line num="181" count="1" type="cond" truecount="1" falsecount="1"/>
        <line num="185" count="0" type="stmt"/>
        <line num="186" count="0" type="cond" truecount="0" falsecount="2"/>
        <line num="187" count="0" type="stmt"/>
        <line num="188" count="0" type="stmt"/>
        <line num="189" count="0" type="stmt"/>
        <line num="190" count="0" type="stmt"/>
        <line num="191" count="0" type="cond" truecount="0" falsecount="2"/>
        <line num="196" count="0" type="stmt"/>
        <line num="197" count="0" type="stmt"/>
      </file>
      <file name="metrics.js" path="/home/bsaunders/code/pharmverify-pwa/src/lib/stores/metrics.js">
        <metrics statements="95" coveredstatements="94" conditionals="57" coveredconditionals="52" methods="31" coveredmethods="28"/>
        <line num="3" count="35" type="stmt"/>
        <line num="11" count="140" type="stmt"/>
        <line num="12" count="140" type="cond" truecount="2" falsecount="0"/>
        <line num="13" count="140" type="cond" truecount="2" falsecount="0"/>
        <line num="14" count="2" type="stmt"/>
        <line num="17" count="165" type="stmt"/>
        <line num="20" count="35" type="stmt"/>
        <line num="21" count="35" type="stmt"/>
        <line num="23" count="35" type="stmt"/>
        <line num="24" count="35" type="stmt"/>
        <line num="27" count="70" type="stmt"/>
        <line num="28" count="70" type="stmt"/>
        <line num="29" count="70" type="cond" truecount="2" falsecount="0"/>
        <line num="31" count="70" type="cond" truecount="5" falsecount="0"/>
        <line num="32" count="24" type="stmt"/>
        <line num="33" count="24" type="stmt"/>
        <line num="34" count="24" type="stmt"/>
        <line num="35" count="24" type="stmt"/>
        <line num="36" count="24" type="stmt"/>
        <line num="39" count="70" type="stmt"/>
        <line num="43" count="1" type="stmt"/>
        <line num="44" count="1" type="stmt"/>
        <line num="45" count="1" type="stmt"/>
        <line num="46" count="1" type="stmt"/>
        <line num="47" count="1" type="stmt"/>
        <line num="52" count="70" type="stmt"/>
        <line num="53" count="70" type="stmt"/>
        <line num="54" count="70" type="cond" truecount="2" falsecount="0"/>
        <line num="56" count="70" type="stmt"/>
        <line num="71" count="70" type="stmt"/>
        <line num="72" count="70" type="stmt"/>
        <line num="74" count="70" type="cond" truecount="2" falsecount="0"/>
        <line num="75" count="70" type="stmt"/>
        <line num="76" count="70" type="stmt"/>
        <line num="79" count="70" type="stmt"/>
        <line num="80" count="70" type="stmt"/>
        <line num="81" count="70" type="cond" truecount="1" falsecount="1"/>
        <line num="82" count="70" type="stmt"/>
        <line num="91" count="70" type="stmt"/>
        <line num="95" count="35" type="stmt"/>
        <line num="96" count="4" type="stmt"/>
        <line num="99" count="35" type="stmt"/>
        <line num="100" count="3" type="cond" truecount="2" falsecount="0"/>
        <line num="101" count="5" type="stmt"/>
        <line num="104" count="35" type="stmt"/>
        <line num="105" count="3" type="stmt"/>
        <line num="106" count="3" type="stmt"/>
        <line num="107" count="4" type="stmt"/>
        <line num="108" count="4" type="cond" truecount="2" falsecount="0"/>
        <line num="110" count="3" type="cond" truecount="2" falsecount="0"/>
        <line num="111" count="2" type="stmt"/>
        <line num="112" count="2" type="stmt"/>
        <line num="115" count="35" type="stmt"/>
        <line num="117" count="3" type="stmt"/>
        <line num="118" count="3" type="stmt"/>
        <line num="119" count="3" type="stmt"/>
        <line num="120" count="5" type="stmt"/>
        <line num="121" count="5" type="cond" truecount="1" falsecount="1"/>
        <line num="122" count="5" type="stmt"/>
        <line num="123" count="5" type="stmt"/>
        <line num="126" count="3" type="stmt"/>
        <line num="127" count="3" type="stmt"/>
        <line num="128" count="4" type="cond" truecount="2" falsecount="0"/>
        <line num="129" count="2" type="stmt"/>
        <line num="131" count="3" type="stmt"/>
        <line num="134" count="35" type="stmt"/>
        <line num="135" count="0" type="stmt"/>
        <line num="145" count="35" type="stmt"/>
        <line num="146" count="2" type="stmt"/>
        <line num="147" count="2" type="stmt"/>
        <line num="148" count="5" type="cond" truecount="2" falsecount="0"/>
        <line num="149" count="4" type="stmt"/>
        <line num="151" count="5" type="stmt"/>
        <line num="152" count="5" type="cond" truecount="2" falsecount="0"/>
        <line num="154" count="4" type="stmt"/>
        <line num="157" count="2" type="stmt"/>
        <line num="160" count="35" type="stmt"/>
        <line num="161" count="3" type="stmt"/>
        <line num="162" count="3" type="stmt"/>
        <line num="163" count="5" type="cond" truecount="2" falsecount="0"/>
        <line num="164" count="5" type="stmt"/>
        <line num="165" count="5" type="cond" truecount="2" falsecount="0"/>
        <line num="167" count="4" type="stmt"/>
        <line num="176" count="35" type="stmt"/>
        <line num="177" count="3" type="stmt"/>
        <line num="178" count="7" type="stmt"/>
        <line num="179" count="3" type="cond" truecount="2" falsecount="0"/>
        <line num="180" count="6" type="cond" truecount="1" falsecount="1"/>
        <line num="181" count="2" type="stmt"/>
        <line num="184" count="35" type="stmt"/>
        <line num="187" count="1" type="stmt"/>
        <line num="188" count="1" type="stmt"/>
        <line num="189" count="1" type="stmt"/>
        <line num="190" count="1" type="stmt"/>
        <line num="191" count="1" type="stmt"/>
      </file>
    </package>
    <package name="utils">
      <metrics statements="67" coveredstatements="67" conditionals="104" coveredconditionals="86" methods="6" coveredmethods="6"/>
      <file name="clinical.js" path="/home/bsaunders/code/pharmverify-pwa/src/lib/utils/clinical.js">
        <metrics statements="17" coveredstatements="17" conditionals="21" coveredconditionals="21" methods="5" coveredmethods="5"/>
        <line num="6" count="16" type="cond" truecount="2" falsecount="0"/>
        <line num="7" count="16" type="cond" truecount="4" falsecount="0"/>
        <line num="8" count="11" type="cond" truecount="2" falsecount="0"/>
        <line num="16" count="9" type="stmt"/>
        <line num="17" count="9" type="stmt"/>
        <line num="18" count="9" type="stmt"/>
        <line num="19" count="9" type="cond" truecount="2" falsecount="0"/>
        <line num="20" count="9" type="cond" truecount="5" falsecount="0"/>
        <line num="21" count="6" type="cond" truecount="2" falsecount="0"/>
        <line num="27" count="2" type="stmt"/>
        <line num="39" count="44" type="stmt"/>
        <line num="40" count="13" type="stmt"/>
        <line num="41" count="13" type="stmt"/>
        <line num="43" count="13" type="stmt"/>
        <line num="44" count="20" type="cond" truecount="2" falsecount="0"/>
        <line num="45" count="5" type="stmt"/>
        <line num="48" count="13" type="stmt"/>
      </file>
      <file name="parser.js" path="/home/bsaunders/code/pharmverify-pwa/src/lib/utils/parser.js">
        <metrics statements="50" coveredstatements="50" conditionals="83" coveredconditionals="65" methods="1" coveredmethods="1"/>
        <line num="2" count="17" type="stmt"/>
        <line num="3" count="17" type="cond" truecount="2" falsecount="0"/>
        <line num="4" count="2" type="stmt"/>
        <line num="6" count="17" type="stmt"/>
        <line num="8" count="17" type="cond" truecount="4" falsecount="0"/>
        <line num="9" count="15" type="cond" truecount="4" falsecount="0"/>
        <line num="12" count="13" type="cond" truecount="2" falsecount="0"/>
        <line num="13" count="2" type="stmt"/>
        <line num="14" count="2" type="stmt"/>
        <line num="15" count="2" type="stmt"/>
        <line num="16" count="2" type="cond" truecount="2" falsecount="0"/>
        <line num="17" count="2" type="cond" truecount="2" falsecount="0"/>
        <line num="18" count="1" type="stmt"/>
        <line num="20" count="1" type="stmt"/>
        <line num="23" count="12" type="stmt"/>
        <line num="24" count="12" type="cond" truecount="2" falsecount="0"/>
        <line num="26" count="11" type="stmt"/>
        <line num="27" count="11" type="stmt"/>
        <line num="28" count="11" type="stmt"/>
        <line num="29" count="11" type="cond" truecount="2" falsecount="0"/>
        <line num="30" count="11" type="cond" truecount="2" falsecount="0"/>
        <line num="31" count="11" type="cond" truecount="2" falsecount="0"/>
        <line num="32" count="11" type="cond" truecount="1" falsecount="1"/>
        <line num="33" count="11" type="cond" truecount="2" falsecount="0"/>
        <line num="34" count="11" type="cond" truecount="1" falsecount="1"/>
        <line num="35" count="11" type="cond" truecount="1" falsecount="1"/>
        <line num="36" count="11" type="cond" truecount="1" falsecount="1"/>
        <line num="37" count="11" type="cond" truecount="1" falsecount="1"/>
        <line num="38" count="11" type="cond" truecount="1" falsecount="1"/>
        <line num="39" count="11" type="cond" truecount="4" falsecount="1"/>
        <line num="40" count="11" type="cond" truecount="3" falsecount="1"/>
        <line num="41" count="11" type="cond" truecount="3" falsecount="1"/>
        <line num="44" count="11" type="stmt"/>
        <line num="45" count="10" type="stmt"/>
        <line num="46" count="10" type="cond" truecount="2" falsecount="0"/>
        <line num="47" count="10" type="cond" truecount="1" falsecount="1"/>
        <line num="48" count="10" type="cond" truecount="2" falsecount="0"/>
        <line num="49" count="10" type="cond" truecount="2" falsecount="0"/>
        <line num="50" count="10" type="cond" truecount="2" falsecount="0"/>
        <line num="51" count="10" type="cond" truecount="1" falsecount="1"/>
        <line num="52" count="10" type="cond" truecount="1" falsecount="1"/>
        <line num="53" count="10" type="cond" truecount="1" falsecount="1"/>
        <line num="54" count="10" type="cond" truecount="3" falsecount="1"/>
        <line num="55" count="10" type="cond" truecount="3" falsecount="1"/>
        <line num="56" count="10" type="cond" truecount="1" falsecount="1"/>
        <line num="57" count="10" type="cond" truecount="1" falsecount="1"/>
        <line num="58" count="10" type="cond" truecount="1" falsecount="1"/>
        <line num="61" count="11" type="cond" truecount="2" falsecount="0"/>
        <line num="63" count="8" type="stmt"/>
        <line num="65" count="8" type="stmt"/>
      </file>
    </package>
  </project>
</coverage>
