{"/home/bsaunders/code/pharmverify-pwa/src/lib/data/demo.js": {"path":"/home/bsaunders/code/pharmverify-pwa/src/lib/data/demo.js","statementMap":{"0":{"start":{"line":1,"column":29},"end":{"line":120,"column":1}},"1":{"start":{"line":122,"column":27},"end":{"line":155,"column":1}},"2":{"start":{"line":158,"column":27},"end":{"line":237,"column":1}},"3":{"start":{"line":240,"column":29},"end":{"line":300,"column":1}},"4":{"start":{"line":303,"column":27},"end":{"line":376,"column":1}},"5":{"start":{"line":379,"column":2},"end":{"line":384,"column":null}},"6":{"start":{"line":380,"column":17},"end":{"line":380,"column":null}},"7":{"start":{"line":381,"column":19},"end":{"line":381,"column":null}},"8":{"start":{"line":382,"column":17},"end":{"line":382,"column":null}},"9":{"start":{"line":383,"column":13},"end":{"line":383,"column":null}}},"fnMap":{"0":{"name":"getOrdersForDifficulty","decl":{"start":{"line":378,"column":16},"end":{"line":378,"column":38}},"loc":{"start":{"line":378,"column":46},"end":{"line":385,"column":null}},"line":378}},"branchMap":{"0":{"loc":{"start":{"line":379,"column":2},"end":{"line":384,"column":null}},"type":"switch","locations":[{"start":{"line":380,"column":4},"end":{"line":380,"column":null}},{"start":{"line":381,"column":4},"end":{"line":381,"column":null}},{"start":{"line":382,"column":4},"end":{"line":382,"column":null}},{"start":{"line":383,"column":4},"end":{"line":383,"column":null}}],"line":379}},"s":{"0":1,"1":1,"2":1,"3":1,"4":1,"5":5,"6":1,"7":1,"8":1,"9":2},"f":{"0":5},"b":{"0":[1,1,1,2]},"meta":{"lastBranch":1,"lastFunction":1,"lastStatement":10,"seen":{"s:1:29:120:1":0,"s:122:27:155:1":1,"s:158:27:237:1":2,"s:240:29:300:1":3,"s:303:27:376:1":4,"f:378:16:378:38":0,"b:380:4:380:Infinity:381:4:381:Infinity:382:4:382:Infinity:383:4:383:Infinity":0,"s:379:2:384:Infinity":5,"s:380:17:380:Infinity":6,"s:381:19:381:Infinity":7,"s:382:17:382:Infinity":8,"s:383:13:383:Infinity":9}}}
,"/home/bsaunders/code/pharmverify-pwa/src/lib/data/diseases.js": {"path":"/home/bsaunders/code/pharmverify-pwa/src/lib/data/diseases.js","statementMap":{"0":{"start":{"line":5,"column":22},"end":{"line":9,"column":1}},"1":{"start":{"line":11,"column":24},"end":{"line":27,"column":1}},"2":{"start":{"line":32,"column":19},"end":{"line":88,"column":1}},"3":{"start":{"line":92,"column":2},"end":{"line":102,"column":null}},"4":{"start":{"line":105,"column":16},"end":{"line":141,"column":1}},"5":{"start":{"line":143,"column":18},"end":{"line":195,"column":1}},"6":{"start":{"line":197,"column":16},"end":{"line":269,"column":1}},"7":{"start":{"line":274,"column":23},"end":{"line":357,"column":1}},"8":{"start":{"line":359,"column":20},"end":{"line":394,"column":1}},"9":{"start":{"line":396,"column":22},"end":{"line":444,"column":1}},"10":{"start":{"line":446,"column":20},"end":{"line":493,"column":1}},"11":{"start":{"line":498,"column":22},"end":{"line":563,"column":1}},"12":{"start":{"line":565,"column":19},"end":{"line":599,"column":1}},"13":{"start":{"line":601,"column":21},"end":{"line":648,"column":1}},"14":{"start":{"line":650,"column":19},"end":{"line":697,"column":1}},"15":{"start":{"line":702,"column":20},"end":{"line":759,"column":1}},"16":{"start":{"line":761,"column":17},"end":{"line":798,"column":1}},"17":{"start":{"line":800,"column":19},"end":{"line":852,"column":1}},"18":{"start":{"line":854,"column":17},"end":{"line":924,"column":1}},"19":{"start":{"line":929,"column":20},"end":{"line":983,"column":1}},"20":{"start":{"line":985,"column":17},"end":{"line":1022,"column":1}},"21":{"start":{"line":1024,"column":19},"end":{"line":1076,"column":1}},"22":{"start":{"line":1078,"column":17},"end":{"line":1148,"column":1}},"23":{"start":{"line":1156,"column":21},"end":{"line":1209,"column":1}},"24":{"start":{"line":1211,"column":18},"end":{"line":1247,"column":1}},"25":{"start":{"line":1249,"column":20},"end":{"line":1300,"column":1}},"26":{"start":{"line":1302,"column":18},"end":{"line":1373,"column":1}},"27":{"start":{"line":1378,"column":20},"end":{"line":1436,"column":1}},"28":{"start":{"line":1438,"column":17},"end":{"line":1474,"column":1}},"29":{"start":{"line":1476,"column":19},"end":{"line":1527,"column":1}},"30":{"start":{"line":1529,"column":17},"end":{"line":1601,"column":1}},"31":{"start":{"line":1603,"column":29},"end":{"line":1613,"column":1}},"32":{"start":{"line":1616,"column":18},"end":{"line":1616,"column":42}},"33":{"start":{"line":1617,"column":2},"end":{"line":1617,"column":null}},"34":{"start":{"line":1617,"column":16},"end":{"line":1617,"column":null}},"35":{"start":{"line":1618,"column":13},"end":{"line":1618,"column":48}},"36":{"start":{"line":1619,"column":2},"end":{"line":1619,"column":null}},"37":{"start":{"line":1619,"column":11},"end":{"line":1619,"column":null}},"38":{"start":{"line":1620,"column":17},"end":{"line":1620,"column":59}},"39":{"start":{"line":1621,"column":2},"end":{"line":1621,"column":null}}},"fnMap":{"0":{"name":"mk","decl":{"start":{"line":91,"column":9},"end":{"line":91,"column":11}},"loc":{"start":{"line":91,"column":89},"end":{"line":103,"column":null}},"line":91},"1":{"name":"getDiseaseCases","decl":{"start":{"line":1615,"column":16},"end":{"line":1615,"column":31}},"loc":{"start":{"line":1615,"column":71},"end":{"line":1622,"column":null}},"line":1615}},"branchMap":{"0":{"loc":{"start":{"line":91,"column":77},"end":{"line":91,"column":87}},"type":"default-arg","locations":[{"start":{"line":91,"column":85},"end":{"line":91,"column":87}}],"line":91},"1":{"loc":{"start":{"line":94,"column":14},"end":{"line":94,"column":41}},"type":"binary-expr","locations":[{"start":{"line":94,"column":14},"end":{"line":94,"column":28}},{"start":{"line":94,"column":32},"end":{"line":94,"column":41}}],"line":94},"2":{"loc":{"start":{"line":94,"column":56},"end":{"line":94,"column":85}},"type":"binary-expr","locations":[{"start":{"line":94,"column":56},"end":{"line":94,"column":73}},{"start":{"line":94,"column":77},"end":{"line":94,"column":85}}],"line":94},"3":{"loc":{"start":{"line":96,"column":67},"end":{"line":96,"column":85}},"type":"binary-expr","locations":[{"start":{"line":96,"column":67},"end":{"line":96,"column":79}},{"start":{"line":96,"column":83},"end":{"line":96,"column":85}}],"line":96},"4":{"loc":{"start":{"line":96,"column":97},"end":{"line":96,"column":124}},"type":"binary-expr","locations":[{"start":{"line":96,"column":97},"end":{"line":96,"column":111}},{"start":{"line":96,"column":115},"end":{"line":96,"column":124}}],"line":96},"5":{"loc":{"start":{"line":97,"column":42},"end":{"line":97,"column":65}},"type":"binary-expr","locations":[{"start":{"line":97,"column":42},"end":{"line":97,"column":53}},{"start":{"line":97,"column":57},"end":{"line":97,"column":65}}],"line":97},"6":{"loc":{"start":{"line":99,"column":15},"end":{"line":99,"column":53}},"type":"binary-expr","locations":[{"start":{"line":99,"column":15},"end":{"line":99,"column":30}},{"start":{"line":99,"column":34},"end":{"line":99,"column":53}}],"line":99},"7":{"loc":{"start":{"line":100,"column":50},"end":{"line":100,"column":65}},"type":"binary-expr","locations":[{"start":{"line":100,"column":50},"end":{"line":100,"column":59}},{"start":{"line":100,"column":63},"end":{"line":100,"column":65}}],"line":100},"8":{"loc":{"start":{"line":1615,"column":50},"end":{"line":1615,"column":69}},"type":"default-arg","locations":[{"start":{"line":1615,"column":58},"end":{"line":1615,"column":69}}],"line":1615},"9":{"loc":{"start":{"line":1617,"column":2},"end":{"line":1617,"column":null}},"type":"if","locations":[{"start":{"line":1617,"column":2},"end":{"line":1617,"column":null}},{"start":{},"end":{}}],"line":1617},"10":{"loc":{"start":{"line":1618,"column":13},"end":{"line":1618,"column":48}},"type":"binary-expr","locations":[{"start":{"line":1618,"column":13},"end":{"line":1618,"column":27}},{"start":{"line":1618,"column":31},"end":{"line":1618,"column":48}}],"line":1618},"11":{"loc":{"start":{"line":1619,"column":2},"end":{"line":1619,"column":null}},"type":"if","locations":[{"start":{"line":1619,"column":2},"end":{"line":1619,"column":null}},{"start":{},"end":{}}],"line":1619},"12":{"loc":{"start":{"line":1620,"column":17},"end":{"line":1620,"column":59}},"type":"binary-expr","locations":[{"start":{"line":1620,"column":17},"end":{"line":1620,"column":33}},{"start":{"line":1620,"column":37},"end":{"line":1620,"column":53}},{"start":{"line":1620,"column":57},"end":{"line":1620,"column":59}}],"line":1620}},"s":{"0":44,"1":44,"2":44,"3":2376,"4":44,"5":44,"6":44,"7":44,"8":44,"9":44,"10":44,"11":44,"12":44,"13":44,"14":44,"15":44,"16":44,"17":44,"18":44,"19":44,"20":44,"21":44,"22":44,"23":44,"24":44,"25":44,"26":44,"27":44,"28":44,"29":44,"30":44,"31":44,"32":51,"33":51,"34":1,"35":50,"36":51,"37":0,"38":50,"39":51},"f":{"0":2376,"1":51},"b":{"0":[2376],"1":[2376,1716],"2":[2376,1804],"3":[2376,2376],"4":[2376,1716],"5":[2376,2200],"6":[2376,2376],"7":[2376,2376],"8":[51],"9":[1,50],"10":[50,1],"11":[0,51],"12":[50,1,0]},"meta":{"lastBranch":13,"lastFunction":2,"lastStatement":40,"seen":{"s:5:22:9:1":0,"s:11:24:27:1":1,"s:32:19:88:1":2,"f:91:9:91:11":0,"b:91:85:91:87":0,"s:92:2:102:Infinity":3,"b:94:14:94:28:94:32:94:41":1,"b:94:56:94:73:94:77:94:85":2,"b:96:67:96:79:96:83:96:85":3,"b:96:97:96:111:96:115:96:124":4,"b:97:42:97:53:97:57:97:65":5,"b:99:15:99:30:99:34:99:53":6,"b:100:50:100:59:100:63:100:65":7,"s:105:16:141:1":4,"s:143:18:195:1":5,"s:197:16:269:1":6,"s:274:23:357:1":7,"s:359:20:394:1":8,"s:396:22:444:1":9,"s:446:20:493:1":10,"s:498:22:563:1":11,"s:565:19:599:1":12,"s:601:21:648:1":13,"s:650:19:697:1":14,"s:702:20:759:1":15,"s:761:17:798:1":16,"s:800:19:852:1":17,"s:854:17:924:1":18,"s:929:20:983:1":19,"s:985:17:1022:1":20,"s:1024:19:1076:1":21,"s:1078:17:1148:1":22,"s:1156:21:1209:1":23,"s:1211:18:1247:1":24,"s:1249:20:1300:1":25,"s:1302:18:1373:1":26,"s:1378:20:1436:1":27,"s:1438:17:1474:1":28,"s:1476:19:1527:1":29,"s:1529:17:1601:1":30,"s:1603:29:1613:1":31,"f:1615:16:1615:31":1,"b:1615:58:1615:69":8,"s:1616:18:1616:42":32,"b:1617:2:1617:Infinity:undefined:undefined:undefined:undefined":9,"s:1617:2:1617:Infinity":33,"s:1617:16:1617:Infinity":34,"s:1618:13:1618:48":35,"b:1618:13:1618:27:1618:31:1618:48":10,"b:1619:2:1619:Infinity:undefined:undefined:undefined:undefined":11,"s:1619:2:1619:Infinity":36,"s:1619:11:1619:Infinity":37,"s:1620:17:1620:59":38,"b:1620:17:1620:33:1620:37:1620:53:1620:57:1620:59":12,"s:1621:2:1621:Infinity":39}}}
,"/home/bsaunders/code/pharmverify-pwa/src/lib/stores/app.js": {"path":"/home/bsaunders/code/pharmverify-pwa/src/lib/stores/app.js","statementMap":{"0":{"start":{"line":5,"column":17},"end":{"line":5,"column":27}},"1":{"start":{"line":8,"column":2},"end":{"line":8,"column":null}},"2":{"start":{"line":8,"column":43},"end":{"line":8,"column":null}},"3":{"start":{"line":9,"column":2},"end":{"line":14,"column":null}},"4":{"start":{"line":10,"column":16},"end":{"line":10,"column":46}},"5":{"start":{"line":11,"column":4},"end":{"line":11,"column":null}},"6":{"start":{"line":11,"column":14},"end":{"line":11,"column":null}},"7":{"start":{"line":12,"column":19},"end":{"line":12,"column":34}},"8":{"start":{"line":13,"column":4},"end":{"line":13,"column":null}},"9":{"start":{"line":13,"column":52},"end":{"line":13,"column":null}},"10":{"start":{"line":15,"column":2},"end":{"line":15,"column":null}},"11":{"start":{"line":19,"column":2},"end":{"line":19,"column":null}},"12":{"start":{"line":19,"column":43},"end":{"line":19,"column":null}},"13":{"start":{"line":20,"column":2},"end":{"line":22,"column":null}},"14":{"start":{"line":21,"column":4},"end":{"line":21,"column":null}},"15":{"start":{"line":25,"column":15},"end":{"line":25,"column":26}},"16":{"start":{"line":26,"column":23},"end":{"line":26,"column":81}},"17":{"start":{"line":27,"column":21},"end":{"line":27,"column":73}},"18":{"start":{"line":28,"column":19},"end":{"line":28,"column":36}},"19":{"start":{"line":29,"column":21},"end":{"line":29,"column":36}},"20":{"start":{"line":30,"column":25},"end":{"line":30,"column":41}},"21":{"start":{"line":31,"column":25},"end":{"line":31,"column":41}},"22":{"start":{"line":32,"column":23},"end":{"line":32,"column":39}},"23":{"start":{"line":35,"column":2},"end":{"line":39,"column":null}},"24":{"start":{"line":36,"column":16},"end":{"line":36,"column":28}},"25":{"start":{"line":37,"column":4},"end":{"line":37,"column":null}},"26":{"start":{"line":37,"column":14},"end":{"line":37,"column":null}},"27":{"start":{"line":38,"column":4},"end":{"line":38,"column":null}},"28":{"start":{"line":40,"column":2},"end":{"line":40,"column":null}},"29":{"start":{"line":44,"column":2},"end":{"line":56,"column":null}},"30":{"start":{"line":45,"column":16},"end":{"line":45,"column":28}},"31":{"start":{"line":46,"column":4},"end":{"line":46,"column":null}},"32":{"start":{"line":46,"column":14},"end":{"line":46,"column":null}},"33":{"start":{"line":47,"column":17},"end":{"line":47,"column":37}},"34":{"start":{"line":48,"column":17},"end":{"line":48,"column":32}},"35":{"start":{"line":49,"column":14},"end":{"line":49,"column":18}},"36":{"start":{"line":50,"column":4},"end":{"line":53,"column":null}},"37":{"start":{"line":50,"column":17},"end":{"line":50,"column":18}},"38":{"start":{"line":51,"column":6},"end":{"line":51,"column":null}},"39":{"start":{"line":51,"column":32},"end":{"line":51,"column":null}},"40":{"start":{"line":52,"column":6},"end":{"line":52,"column":null}},"41":{"start":{"line":54,"column":4},"end":{"line":54,"column":null}},"42":{"start":{"line":55,"column":4},"end":{"line":55,"column":null}},"43":{"start":{"line":57,"column":2},"end":{"line":57,"column":null}},"44":{"start":{"line":61,"column":16},"end":{"line":61,"column":20}},"45":{"start":{"line":62,"column":2},"end":{"line":66,"column":null}},"46":{"start":{"line":62,"column":24},"end":{"line":66,"column":4}},"47":{"start":{"line":63,"column":4},"end":{"line":63,"column":null}},"48":{"start":{"line":63,"column":26},"end":{"line":63,"column":null}},"49":{"start":{"line":64,"column":4},"end":{"line":64,"column":null}},"50":{"start":{"line":65,"column":4},"end":{"line":65,"column":null}},"51":{"start":{"line":67,"column":2},"end":{"line":67,"column":null}},"52":{"start":{"line":67,"column":21},"end":{"line":67,"column":69}},"53":{"start":{"line":68,"column":2},"end":{"line":68,"column":null}},"54":{"start":{"line":72,"column":16},"end":{"line":72,"column":20}},"55":{"start":{"line":73,"column":2},"end":{"line":85,"column":null}},"56":{"start":{"line":73,"column":24},"end":{"line":85,"column":4}},"57":{"start":{"line":74,"column":4},"end":{"line":74,"column":null}},"58":{"start":{"line":74,"column":26},"end":{"line":74,"column":null}},"59":{"start":{"line":75,"column":17},"end":{"line":75,"column":35}},"60":{"start":{"line":76,"column":17},"end":{"line":76,"column":32}},"61":{"start":{"line":77,"column":14},"end":{"line":77,"column":18}},"62":{"start":{"line":78,"column":4},"end":{"line":81,"column":null}},"63":{"start":{"line":78,"column":17},"end":{"line":78,"column":18}},"64":{"start":{"line":79,"column":6},"end":{"line":79,"column":null}},"65":{"start":{"line":79,"column":32},"end":{"line":79,"column":null}},"66":{"start":{"line":80,"column":6},"end":{"line":80,"column":null}},"67":{"start":{"line":82,"column":4},"end":{"line":82,"column":null}},"68":{"start":{"line":83,"column":4},"end":{"line":83,"column":null}},"69":{"start":{"line":84,"column":4},"end":{"line":84,"column":null}},"70":{"start":{"line":86,"column":2},"end":{"line":86,"column":null}},"71":{"start":{"line":86,"column":21},"end":{"line":86,"column":69}},"72":{"start":{"line":87,"column":2},"end":{"line":87,"column":null}},"73":{"start":{"line":89,"column":25},"end":{"line":89,"column":45}},"74":{"start":{"line":90,"column":20},"end":{"line":92,"column":1}},"75":{"start":{"line":93,"column":19},"end":{"line":95,"column":1}},"76":{"start":{"line":98,"column":12},"end":{"line":98,"column":70}},"77":{"start":{"line":99,"column":2},"end":{"line":99,"column":null}},"78":{"start":{"line":100,"column":2},"end":{"line":100,"column":null}},"79":{"start":{"line":104,"column":2},"end":{"line":104,"column":null}},"80":{"start":{"line":105,"column":2},"end":{"line":105,"column":null}},"81":{"start":{"line":108,"column":27},"end":{"line":108,"column":89}},"82":{"start":{"line":108,"column":59},"end":{"line":108,"column":88}},"83":{"start":{"line":109,"column":25},"end":{"line":109,"column":68}},"84":{"start":{"line":109,"column":53},"end":{"line":109,"column":67}},"85":{"start":{"line":112,"column":2},"end":{"line":112,"column":null}},"86":{"start":{"line":113,"column":2},"end":{"line":113,"column":null}},"87":{"start":{"line":114,"column":2},"end":{"line":114,"column":null}},"88":{"start":{"line":118,"column":2},"end":{"line":118,"column":null}},"89":{"start":{"line":119,"column":2},"end":{"line":121,"column":null}},"90":{"start":{"line":120,"column":4},"end":{"line":120,"column":null}},"91":{"start":{"line":120,"column":25},"end":{"line":120,"column":94}},"92":{"start":{"line":122,"column":2},"end":{"line":122,"column":null}},"93":{"start":{"line":123,"column":2},"end":{"line":123,"column":null}},"94":{"start":{"line":128,"column":2},"end":{"line":128,"column":null}},"95":{"start":{"line":128,"column":28},"end":{"line":128,"column":40}},"96":{"start":{"line":129,"column":2},"end":{"line":129,"column":null}},"97":{"start":{"line":130,"column":2},"end":{"line":130,"column":null}},"98":{"start":{"line":131,"column":2},"end":{"line":131,"column":null}},"99":{"start":{"line":135,"column":2},"end":{"line":135,"column":null}},"100":{"start":{"line":136,"column":2},"end":{"line":136,"column":null}},"101":{"start":{"line":140,"column":2},"end":{"line":149,"column":null}},"102":{"start":{"line":141,"column":22},"end":{"line":141,"column":56}},"103":{"start":{"line":141,"column":39},"end":{"line":141,"column":55}},"104":{"start":{"line":142,"column":4},"end":{"line":147,"column":null}},"105":{"start":{"line":143,"column":6},"end":{"line":143,"column":null}},"106":{"start":{"line":145,"column":6},"end":{"line":145,"column":null}},"107":{"start":{"line":146,"column":6},"end":{"line":146,"column":null}},"108":{"start":{"line":148,"column":4},"end":{"line":148,"column":null}},"109":{"start":{"line":150,"column":2},"end":{"line":150,"column":null}},"110":{"start":{"line":155,"column":2},"end":{"line":155,"column":null}},"111":{"start":{"line":155,"column":26},"end":{"line":155,"column":31}},"112":{"start":{"line":156,"column":2},"end":{"line":156,"column":null}},"113":{"start":{"line":156,"column":24},"end":{"line":156,"column":29}},"114":{"start":{"line":157,"column":2},"end":{"line":157,"column":null}},"115":{"start":{"line":161,"column":2},"end":{"line":161,"column":null}},"116":{"start":{"line":161,"column":24},"end":{"line":161,"column":52}},"117":{"start":{"line":162,"column":2},"end":{"line":162,"column":null}},"118":{"start":{"line":162,"column":21},"end":{"line":162,"column":45}},"119":{"start":{"line":163,"column":2},"end":{"line":163,"column":null}},"120":{"start":{"line":167,"column":2},"end":{"line":167,"column":null}},"121":{"start":{"line":168,"column":2},"end":{"line":168,"column":null}},"122":{"start":{"line":169,"column":2},"end":{"line":169,"column":null}},"123":{"start":{"line":170,"column":2},"end":{"line":170,"column":null}},"124":{"start":{"line":171,"column":2},"end":{"line":171,"column":null}},"125":{"start":{"line":171,"column":43},"end":{"line":171,"column":null}},"126":{"start":{"line":175,"column":2},"end":{"line":175,"column":null}},"127":{"start":{"line":176,"column":19},"end":{"line":176,"column":84}},"128":{"start":{"line":177,"column":2},"end":{"line":177,"column":null}},"129":{"start":{"line":178,"column":2},"end":{"line":178,"column":null}},"130":{"start":{"line":179,"column":2},"end":{"line":179,"column":null}},"131":{"start":{"line":180,"column":2},"end":{"line":180,"column":null}},"132":{"start":{"line":181,"column":2},"end":{"line":181,"column":null}},"133":{"start":{"line":181,"column":43},"end":{"line":181,"column":null}},"134":{"start":{"line":185,"column":12},"end":{"line":185,"column":53}},"135":{"start":{"line":186,"column":2},"end":{"line":186,"column":null}},"136":{"start":{"line":186,"column":11},"end":{"line":186,"column":null}},"137":{"start":{"line":187,"column":2},"end":{"line":187,"column":null}},"138":{"start":{"line":188,"column":2},"end":{"line":188,"column":null}},"139":{"start":{"line":189,"column":2},"end":{"line":189,"column":null}},"140":{"start":{"line":190,"column":2},"end":{"line":190,"column":null}},"141":{"start":{"line":191,"column":2},"end":{"line":191,"column":null}},"142":{"start":{"line":191,"column":43},"end":{"line":191,"column":null}},"143":{"start":{"line":196,"column":2},"end":{"line":196,"column":null}},"144":{"start":{"line":196,"column":28},"end":{"line":196,"column":49}},"145":{"start":{"line":197,"column":2},"end":{"line":197,"column":null}}},"fnMap":{"0":{"name":"loadCases","decl":{"start":{"line":7,"column":9},"end":{"line":7,"column":18}},"loc":{"start":{"line":7,"column":21},"end":{"line":16,"column":null}},"line":7},"1":{"name":"saveCases","decl":{"start":{"line":18,"column":9},"end":{"line":18,"column":18}},"loc":{"start":{"line":18,"column":25},"end":{"line":23,"column":null}},"line":18},"2":{"name":"updatePatient","decl":{"start":{"line":34,"column":16},"end":{"line":34,"column":29}},"loc":{"start":{"line":34,"column":48},"end":{"line":41,"column":null}},"line":34},"3":{"name":"(anonymous_3)","decl":{"start":{"line":35,"column":18},"end":{"line":35,"column":19}},"loc":{"start":{"line":35,"column":23},"end":{"line":39,"column":3}},"line":35},"4":{"name":"updatePatientPath","decl":{"start":{"line":43,"column":16},"end":{"line":43,"column":33}},"loc":{"start":{"line":43,"column":58},"end":{"line":58,"column":null}},"line":43},"5":{"name":"(anonymous_5)","decl":{"start":{"line":44,"column":18},"end":{"line":44,"column":19}},"loc":{"start":{"line":44,"column":23},"end":{"line":56,"column":3}},"line":44},"6":{"name":"updateOrder","decl":{"start":{"line":60,"column":16},"end":{"line":60,"column":27}},"loc":{"start":{"line":60,"column":44},"end":{"line":69,"column":null}},"line":60},"7":{"name":"(anonymous_7)","decl":{"start":{"line":62,"column":16},"end":{"line":62,"column":20}},"loc":{"start":{"line":62,"column":24},"end":{"line":66,"column":4}},"line":62},"8":{"name":"(anonymous_8)","decl":{"start":{"line":62,"column":33},"end":{"line":62,"column":34}},"loc":{"start":{"line":62,"column":38},"end":{"line":66,"column":3}},"line":62},"9":{"name":"(anonymous_9)","decl":{"start":{"line":67,"column":16},"end":{"line":67,"column":17}},"loc":{"start":{"line":67,"column":21},"end":{"line":67,"column":69}},"line":67},"10":{"name":"updateOrderPath","decl":{"start":{"line":71,"column":16},"end":{"line":71,"column":31}},"loc":{"start":{"line":71,"column":54},"end":{"line":88,"column":null}},"line":71},"11":{"name":"(anonymous_11)","decl":{"start":{"line":73,"column":16},"end":{"line":73,"column":20}},"loc":{"start":{"line":73,"column":24},"end":{"line":85,"column":4}},"line":73},"12":{"name":"(anonymous_12)","decl":{"start":{"line":73,"column":33},"end":{"line":73,"column":34}},"loc":{"start":{"line":73,"column":38},"end":{"line":85,"column":3}},"line":73},"13":{"name":"(anonymous_13)","decl":{"start":{"line":86,"column":16},"end":{"line":86,"column":17}},"loc":{"start":{"line":86,"column":21},"end":{"line":86,"column":69}},"line":86},"14":{"name":"createAccount","decl":{"start":{"line":97,"column":16},"end":{"line":97,"column":29}},"loc":{"start":{"line":97,"column":61},"end":{"line":101,"column":null}},"line":97},"15":{"name":"logout","decl":{"start":{"line":103,"column":16},"end":{"line":103,"column":22}},"loc":{"start":{"line":103,"column":25},"end":{"line":106,"column":null}},"line":103},"16":{"name":"(anonymous_16)","decl":{"start":{"line":108,"column":46},"end":{"line":108,"column":47}},"loc":{"start":{"line":108,"column":59},"end":{"line":108,"column":88}},"line":108},"17":{"name":"(anonymous_17)","decl":{"start":{"line":109,"column":42},"end":{"line":109,"column":43}},"loc":{"start":{"line":109,"column":53},"end":{"line":109,"column":67}},"line":109},"18":{"name":"selectOrder","decl":{"start":{"line":111,"column":16},"end":{"line":111,"column":27}},"loc":{"start":{"line":111,"column":35},"end":{"line":115,"column":null}},"line":111},"19":{"name":"reviewOrder","decl":{"start":{"line":117,"column":16},"end":{"line":117,"column":27}},"loc":{"start":{"line":117,"column":52},"end":{"line":124,"column":null}},"line":117},"20":{"name":"(anonymous_20)","decl":{"start":{"line":120,"column":20},"end":{"line":120,"column":21}},"loc":{"start":{"line":120,"column":25},"end":{"line":120,"column":94}},"line":120},"21":{"name":"goBack","decl":{"start":{"line":126,"column":16},"end":{"line":126,"column":22}},"loc":{"start":{"line":126,"column":25},"end":{"line":132,"column":null}},"line":126},"22":{"name":"(anonymous_22)","decl":{"start":{"line":128,"column":23},"end":{"line":128,"column":24}},"loc":{"start":{"line":128,"column":28},"end":{"line":128,"column":40}},"line":128},"23":{"name":"goHome","decl":{"start":{"line":134,"column":16},"end":{"line":134,"column":22}},"loc":{"start":{"line":134,"column":25},"end":{"line":137,"column":null}},"line":134},"24":{"name":"verifyOrder","decl":{"start":{"line":139,"column":16},"end":{"line":139,"column":27}},"loc":{"start":{"line":139,"column":37},"end":{"line":151,"column":null}},"line":139},"25":{"name":"(anonymous_25)","decl":{"start":{"line":140,"column":16},"end":{"line":140,"column":20}},"loc":{"start":{"line":140,"column":24},"end":{"line":149,"column":3}},"line":140},"26":{"name":"(anonymous_26)","decl":{"start":{"line":141,"column":34},"end":{"line":141,"column":35}},"loc":{"start":{"line":141,"column":39},"end":{"line":141,"column":55}},"line":141},"27":{"name":"snapshot","decl":{"start":{"line":153,"column":9},"end":{"line":153,"column":17}},"loc":{"start":{"line":153,"column":20},"end":{"line":158,"column":null}},"line":153},"28":{"name":"(anonymous_28)","decl":{"start":{"line":155,"column":21},"end":{"line":155,"column":22}},"loc":{"start":{"line":155,"column":26},"end":{"line":155,"column":31}},"line":155},"29":{"name":"(anonymous_29)","decl":{"start":{"line":156,"column":19},"end":{"line":156,"column":20}},"loc":{"start":{"line":156,"column":24},"end":{"line":156,"column":29}},"line":156},"30":{"name":"importCases","decl":{"start":{"line":160,"column":16},"end":{"line":160,"column":27}},"loc":{"start":{"line":160,"column":36},"end":{"line":164,"column":null}},"line":160},"31":{"name":"(anonymous_31)","decl":{"start":{"line":161,"column":18},"end":{"line":161,"column":19}},"loc":{"start":{"line":161,"column":24},"end":{"line":161,"column":52}},"line":161},"32":{"name":"(anonymous_32)","decl":{"start":{"line":162,"column":16},"end":{"line":162,"column":17}},"loc":{"start":{"line":162,"column":21},"end":{"line":162,"column":45}},"line":162},"33":{"name":"clearAll","decl":{"start":{"line":166,"column":16},"end":{"line":166,"column":24}},"loc":{"start":{"line":166,"column":27},"end":{"line":172,"column":null}},"line":166},"34":{"name":"setDifficulty","decl":{"start":{"line":174,"column":16},"end":{"line":174,"column":29}},"loc":{"start":{"line":174,"column":37},"end":{"line":182,"column":null}},"line":174},"35":{"name":"setDisease","decl":{"start":{"line":184,"column":16},"end":{"line":184,"column":26}},"loc":{"start":{"line":184,"column":77},"end":{"line":192,"column":null}},"line":184},"36":{"name":"resetDemo","decl":{"start":{"line":194,"column":16},"end":{"line":194,"column":25}},"loc":{"start":{"line":194,"column":28},"end":{"line":198,"column":null}},"line":194},"37":{"name":"(anonymous_37)","decl":{"start":{"line":196,"column":23},"end":{"line":196,"column":24}},"loc":{"start":{"line":196,"column":28},"end":{"line":196,"column":49}},"line":196}},"branchMap":{"0":{"loc":{"start":{"line":8,"column":2},"end":{"line":8,"column":null}},"type":"if","locations":[{"start":{"line":8,"column":2},"end":{"line":8,"column":null}},{"start":{},"end":{}}],"line":8},"1":{"loc":{"start":{"line":11,"column":4},"end":{"line":11,"column":null}},"type":"if","locations":[{"start":{"line":11,"column":4},"end":{"line":11,"column":null}},{"start":{},"end":{}}],"line":11},"2":{"loc":{"start":{"line":13,"column":4},"end":{"line":13,"column":null}},"type":"if","locations":[{"start":{"line":13,"column":4},"end":{"line":13,"column":null}},{"start":{},"end":{}}],"line":13},"3":{"loc":{"start":{"line":13,"column":8},"end":{"line":13,"column":50}},"type":"binary-expr","locations":[{"start":{"line":13,"column":8},"end":{"line":13,"column":14}},{"start":{"line":13,"column":18},"end":{"line":13,"column":33}},{"start":{"line":13,"column":37},"end":{"line":13,"column":50}}],"line":13},"4":{"loc":{"start":{"line":19,"column":2},"end":{"line":19,"column":null}},"type":"if","locations":[{"start":{"line":19,"column":2},"end":{"line":19,"column":null}},{"start":{},"end":{}}],"line":19},"5":{"loc":{"start":{"line":26,"column":33},"end":{"line":26,"column":80}},"type":"cond-expr","locations":[{"start":{"line":26,"column":42},"end":{"line":26,"column":57}},{"start":{"line":26,"column":60},"end":{"line":26,"column":80}}],"line":26},"6":{"loc":{"start":{"line":27,"column":31},"end":{"line":27,"column":72}},"type":"cond-expr","locations":[{"start":{"line":27,"column":40},"end":{"line":27,"column":53}},{"start":{"line":27,"column":56},"end":{"line":27,"column":72}}],"line":27},"7":{"loc":{"start":{"line":37,"column":4},"end":{"line":37,"column":null}},"type":"if","locations":[{"start":{"line":37,"column":4},"end":{"line":37,"column":null}},{"start":{},"end":{}}],"line":37},"8":{"loc":{"start":{"line":46,"column":4},"end":{"line":46,"column":null}},"type":"if","locations":[{"start":{"line":46,"column":4},"end":{"line":46,"column":null}},{"start":{},"end":{}}],"line":46},"9":{"loc":{"start":{"line":51,"column":6},"end":{"line":51,"column":null}},"type":"if","locations":[{"start":{"line":51,"column":6},"end":{"line":51,"column":null}},{"start":{},"end":{}}],"line":51},"10":{"loc":{"start":{"line":63,"column":4},"end":{"line":63,"column":null}},"type":"if","locations":[{"start":{"line":63,"column":4},"end":{"line":63,"column":null}},{"start":{},"end":{}}],"line":63},"11":{"loc":{"start":{"line":67,"column":21},"end":{"line":67,"column":69}},"type":"cond-expr","locations":[{"start":{"line":67,"column":58},"end":{"line":67,"column":65}},{"start":{"line":67,"column":68},"end":{"line":67,"column":69}}],"line":67},"12":{"loc":{"start":{"line":67,"column":22},"end":{"line":67,"column":54}},"type":"binary-expr","locations":[{"start":{"line":67,"column":22},"end":{"line":67,"column":23}},{"start":{"line":67,"column":27},"end":{"line":67,"column":43}},{"start":{"line":67,"column":47},"end":{"line":67,"column":54}}],"line":67},"13":{"loc":{"start":{"line":74,"column":4},"end":{"line":74,"column":null}},"type":"if","locations":[{"start":{"line":74,"column":4},"end":{"line":74,"column":null}},{"start":{},"end":{}}],"line":74},"14":{"loc":{"start":{"line":79,"column":6},"end":{"line":79,"column":null}},"type":"if","locations":[{"start":{"line":79,"column":6},"end":{"line":79,"column":null}},{"start":{},"end":{}}],"line":79},"15":{"loc":{"start":{"line":86,"column":21},"end":{"line":86,"column":69}},"type":"cond-expr","locations":[{"start":{"line":86,"column":58},"end":{"line":86,"column":65}},{"start":{"line":86,"column":68},"end":{"line":86,"column":69}}],"line":86},"16":{"loc":{"start":{"line":86,"column":22},"end":{"line":86,"column":54}},"type":"binary-expr","locations":[{"start":{"line":86,"column":22},"end":{"line":86,"column":23}},{"start":{"line":86,"column":27},"end":{"line":86,"column":43}},{"start":{"line":86,"column":47},"end":{"line":86,"column":54}}],"line":86},"17":{"loc":{"start":{"line":91,"column":2},"end":{"line":91,"column":null}},"type":"cond-expr","locations":[{"start":{"line":91,"column":41},"end":{"line":91,"column":83}},{"start":{"line":91,"column":87},"end":{"line":91,"column":null}}],"line":91},"18":{"loc":{"start":{"line":91,"column":41},"end":{"line":91,"column":83}},"type":"binary-expr","locations":[{"start":{"line":91,"column":41},"end":{"line":91,"column":73}},{"start":{"line":91,"column":77},"end":{"line":91,"column":83}}],"line":91},"19":{"loc":{"start":{"line":94,"column":2},"end":{"line":94,"column":null}},"type":"cond-expr","locations":[{"start":{"line":94,"column":40},"end":{"line":94,"column":93}},{"start":{"line":94,"column":96},"end":{"line":94,"column":null}}],"line":94},"20":{"loc":{"start":{"line":94,"column":51},"end":{"line":94,"column":92}},"type":"binary-expr","locations":[{"start":{"line":94,"column":51},"end":{"line":94,"column":82}},{"start":{"line":94,"column":86},"end":{"line":94,"column":92}}],"line":94},"21":{"loc":{"start":{"line":97,"column":43},"end":{"line":97,"column":59}},"type":"default-arg","locations":[{"start":{"line":97,"column":50},"end":{"line":97,"column":59}}],"line":97},"22":{"loc":{"start":{"line":119,"column":2},"end":{"line":121,"column":null}},"type":"if","locations":[{"start":{"line":119,"column":2},"end":{"line":121,"column":null}},{"start":{},"end":{}}],"line":119},"23":{"loc":{"start":{"line":120,"column":25},"end":{"line":120,"column":94}},"type":"cond-expr","locations":[{"start":{"line":120,"column":46},"end":{"line":120,"column":47}},{"start":{"line":120,"column":50},"end":{"line":120,"column":94}}],"line":120},"24":{"loc":{"start":{"line":130,"column":11},"end":{"line":130,"column":38}},"type":"cond-expr","locations":[{"start":{"line":130,"column":22},"end":{"line":130,"column":28}},{"start":{"line":130,"column":31},"end":{"line":130,"column":38}}],"line":130},"25":{"loc":{"start":{"line":142,"column":4},"end":{"line":147,"column":null}},"type":"if","locations":[{"start":{"line":142,"column":4},"end":{"line":147,"column":null}},{"start":{"line":144,"column":11},"end":{"line":147,"column":null}}],"line":142},"26":{"loc":{"start":{"line":171,"column":2},"end":{"line":171,"column":null}},"type":"if","locations":[{"start":{"line":171,"column":2},"end":{"line":171,"column":null}},{"start":{},"end":{}}],"line":171},"27":{"loc":{"start":{"line":176,"column":19},"end":{"line":176,"column":84}},"type":"cond-expr","locations":[{"start":{"line":176,"column":41},"end":{"line":176,"column":52}},{"start":{"line":176,"column":54},"end":{"line":176,"column":84}}],"line":176},"28":{"loc":{"start":{"line":181,"column":2},"end":{"line":181,"column":null}},"type":"if","locations":[{"start":{"line":181,"column":2},"end":{"line":181,"column":null}},{"start":{},"end":{}}],"line":181},"29":{"loc":{"start":{"line":184,"column":38},"end":{"line":184,"column":54}},"type":"default-arg","locations":[{"start":{"line":184,"column":46},"end":{"line":184,"column":54}}],"line":184},"30":{"loc":{"start":{"line":184,"column":56},"end":{"line":184,"column":75}},"type":"default-arg","locations":[{"start":{"line":184,"column":64},"end":{"line":184,"column":75}}],"line":184},"31":{"loc":{"start":{"line":186,"column":2},"end":{"line":186,"column":null}},"type":"if","locations":[{"start":{"line":186,"column":2},"end":{"line":186,"column":null}},{"start":{},"end":{}}],"line":186},"32":{"loc":{"start":{"line":191,"column":2},"end":{"line":191,"column":null}},"type":"if","locations":[{"start":{"line":191,"column":2},"end":{"line":191,"column":null}},{"start":{},"end":{}}],"line":191}},"s":{"0":43,"1":43,"2":0,"3":43,"4":43,"5":43,"6":38,"7":5,"8":5,"9":2,"10":3,"11":20,"12":0,"13":20,"14":20,"15":43,"16":43,"17":43,"18":43,"19":43,"20":43,"21":43,"22":43,"23":5,"24":5,"25":5,"26":1,"27":4,"28":5,"29":2,"30":2,"31":2,"32":0,"33":2,"34":2,"35":2,"36":2,"37":2,"38":3,"39":2,"40":3,"41":2,"42":2,"43":2,"44":2,"45":2,"46":2,"47":14,"48":12,"49":2,"50":2,"51":2,"52":2,"53":2,"54":1,"55":1,"56":1,"57":7,"58":6,"59":1,"60":1,"61":1,"62":1,"63":1,"64":1,"65":0,"66":1,"67":1,"68":1,"69":1,"70":1,"71":1,"72":1,"73":43,"74":43,"75":43,"76":3,"77":3,"78":3,"79":2,"80":2,"81":43,"82":1,"83":43,"84":1,"85":2,"86":2,"87":2,"88":2,"89":2,"90":0,"91":0,"92":2,"93":2,"94":2,"95":2,"96":2,"97":2,"98":2,"99":1,"100":1,"101":9,"102":9,"103":42,"104":9,"105":8,"106":1,"107":1,"108":9,"109":9,"110":20,"111":20,"112":20,"113":20,"114":20,"115":1,"116":1,"117":1,"118":1,"119":1,"120":4,"121":4,"122":4,"123":4,"124":4,"125":4,"126":1,"127":1,"128":1,"129":1,"130":1,"131":1,"132":1,"133":1,"134":0,"135":0,"136":0,"137":0,"138":0,"139":0,"140":0,"141":0,"142":0,"143":0,"144":0,"145":0},"f":{"0":43,"1":20,"2":5,"3":5,"4":2,"5":2,"6":2,"7":2,"8":14,"9":2,"10":1,"11":1,"12":7,"13":1,"14":3,"15":2,"16":1,"17":1,"18":2,"19":2,"20":0,"21":2,"22":2,"23":1,"24":9,"25":9,"26":42,"27":20,"28":20,"29":20,"30":1,"31":1,"32":1,"33":4,"34":1,"35":0,"36":0,"37":0},"b":{"0":[0,43],"1":[38,5],"2":[2,3],"3":[5,4,3],"4":[0,20],"5":[2,41],"6":[2,41],"7":[1,4],"8":[0,2],"9":[2,1],"10":[12,2],"11":[1,1],"12":[2,1,1],"13":[6,1],"14":[0,1],"15":[0,1],"16":[1,0,0],"17":[43,0],"18":[43,42],"19":[43,0],"20":[43,41],"21":[3],"22":[0,2],"23":[0,0],"24":[1,1],"25":[8,1],"26":[4,0],"27":[1,0],"28":[1,0],"29":[0],"30":[0],"31":[0,0],"32":[0,0]},"meta":{"lastBranch":33,"lastFunction":38,"lastStatement":146,"seen":{"s:5:17:5:27":0,"f:7:9:7:18":0,"b:8:2:8:Infinity:undefined:undefined:undefined:undefined":0,"s:8:2:8:Infinity":1,"s:8:43:8:Infinity":2,"s:9:2:14:Infinity":3,"s:10:16:10:46":4,"b:11:4:11:Infinity:undefined:undefined:undefined:undefined":1,"s:11:4:11:Infinity":5,"s:11:14:11:Infinity":6,"s:12:19:12:34":7,"b:13:4:13:Infinity:undefined:undefined:undefined:undefined":2,"s:13:4:13:Infinity":8,"b:13:8:13:14:13:18:13:33:13:37:13:50":3,"s:13:52:13:Infinity":9,"s:15:2:15:Infinity":10,"f:18:9:18:18":1,"b:19:2:19:Infinity:undefined:undefined:undefined:undefined":4,"s:19:2:19:Infinity":11,"s:19:43:19:Infinity":12,"s:20:2:22:Infinity":13,"s:21:4:21:Infinity":14,"s:25:15:25:26":15,"s:26:23:26:81":16,"b:26:42:26:57:26:60:26:80":5,"s:27:21:27:73":17,"b:27:40:27:53:27:56:27:72":6,"s:28:19:28:36":18,"s:29:21:29:36":19,"s:30:25:30:41":20,"s:31:25:31:41":21,"s:32:23:32:39":22,"f:34:16:34:29":2,"s:35:2:39:Infinity":23,"f:35:18:35:19":3,"s:36:16:36:28":24,"b:37:4:37:Infinity:undefined:undefined:undefined:undefined":7,"s:37:4:37:Infinity":25,"s:37:14:37:Infinity":26,"s:38:4:38:Infinity":27,"s:40:2:40:Infinity":28,"f:43:16:43:33":4,"s:44:2:56:Infinity":29,"f:44:18:44:19":5,"s:45:16:45:28":30,"b:46:4:46:Infinity:undefined:undefined:undefined:undefined":8,"s:46:4:46:Infinity":31,"s:46:14:46:Infinity":32,"s:47:17:47:37":33,"s:48:17:48:32":34,"s:49:14:49:18":35,"s:50:4:53:Infinity":36,"s:50:17:50:18":37,"b:51:6:51:Infinity:undefined:undefined:undefined:undefined":9,"s:51:6:51:Infinity":38,"s:51:32:51:Infinity":39,"s:52:6:52:Infinity":40,"s:54:4:54:Infinity":41,"s:55:4:55:Infinity":42,"s:57:2:57:Infinity":43,"f:60:16:60:27":6,"s:61:16:61:20":44,"s:62:2:66:Infinity":45,"f:62:16:62:20":7,"s:62:24:66:4":46,"f:62:33:62:34":8,"b:63:4:63:Infinity:undefined:undefined:undefined:undefined":10,"s:63:4:63:Infinity":47,"s:63:26:63:Infinity":48,"s:64:4:64:Infinity":49,"s:65:4:65:Infinity":50,"s:67:2:67:Infinity":51,"f:67:16:67:17":9,"s:67:21:67:69":52,"b:67:58:67:65:67:68:67:69":11,"b:67:22:67:23:67:27:67:43:67:47:67:54":12,"s:68:2:68:Infinity":53,"f:71:16:71:31":10,"s:72:16:72:20":54,"s:73:2:85:Infinity":55,"f:73:16:73:20":11,"s:73:24:85:4":56,"f:73:33:73:34":12,"b:74:4:74:Infinity:undefined:undefined:undefined:undefined":13,"s:74:4:74:Infinity":57,"s:74:26:74:Infinity":58,"s:75:17:75:35":59,"s:76:17:76:32":60,"s:77:14:77:18":61,"s:78:4:81:Infinity":62,"s:78:17:78:18":63,"b:79:6:79:Infinity:undefined:undefined:undefined:undefined":14,"s:79:6:79:Infinity":64,"s:79:32:79:Infinity":65,"s:80:6:80:Infinity":66,"s:82:4:82:Infinity":67,"s:83:4:83:Infinity":68,"s:84:4:84:Infinity":69,"s:86:2:86:Infinity":70,"f:86:16:86:17":13,"s:86:21:86:69":71,"b:86:58:86:65:86:68:86:69":15,"b:86:22:86:23:86:27:86:43:86:47:86:54":16,"s:87:2:87:Infinity":72,"s:89:25:89:45":73,"s:90:20:92:1":74,"b:91:41:91:83:91:87:91:Infinity":17,"b:91:41:91:73:91:77:91:83":18,"s:93:19:95:1":75,"b:94:40:94:93:94:96:94:Infinity":19,"b:94:51:94:82:94:86:94:92":20,"f:97:16:97:29":14,"b:97:50:97:59":21,"s:98:12:98:70":76,"s:99:2:99:Infinity":77,"s:100:2:100:Infinity":78,"f:103:16:103:22":15,"s:104:2:104:Infinity":79,"s:105:2:105:Infinity":80,"s:108:27:108:89":81,"f:108:46:108:47":16,"s:108:59:108:88":82,"s:109:25:109:68":83,"f:109:42:109:43":17,"s:109:53:109:67":84,"f:111:16:111:27":18,"s:112:2:112:Infinity":85,"s:113:2:113:Infinity":86,"s:114:2:114:Infinity":87,"f:117:16:117:27":19,"s:118:2:118:Infinity":88,"b:119:2:121:Infinity:undefined:undefined:undefined:undefined":22,"s:119:2:121:Infinity":89,"s:120:4:120:Infinity":90,"f:120:20:120:21":20,"s:120:25:120:94":91,"b:120:46:120:47:120:50:120:94":23,"s:122:2:122:Infinity":92,"s:123:2:123:Infinity":93,"f:126:16:126:22":21,"s:128:2:128:Infinity":94,"f:128:23:128:24":22,"s:128:28:128:40":95,"s:129:2:129:Infinity":96,"s:130:2:130:Infinity":97,"b:130:22:130:28:130:31:130:38":24,"s:131:2:131:Infinity":98,"f:134:16:134:22":23,"s:135:2:135:Infinity":99,"s:136:2:136:Infinity":100,"f:139:16:139:27":24,"s:140:2:149:Infinity":101,"f:140:16:140:20":25,"s:141:22:141:56":102,"f:141:34:141:35":26,"s:141:39:141:55":103,"b:142:4:147:Infinity:144:11:147:Infinity":25,"s:142:4:147:Infinity":104,"s:143:6:143:Infinity":105,"s:145:6:145:Infinity":106,"s:146:6:146:Infinity":107,"s:148:4:148:Infinity":108,"s:150:2:150:Infinity":109,"f:153:9:153:17":27,"s:155:2:155:Infinity":110,"f:155:21:155:22":28,"s:155:26:155:31":111,"s:156:2:156:Infinity":112,"f:156:19:156:20":29,"s:156:24:156:29":113,"s:157:2:157:Infinity":114,"f:160:16:160:27":30,"s:161:2:161:Infinity":115,"f:161:18:161:19":31,"s:161:24:161:52":116,"s:162:2:162:Infinity":117,"f:162:16:162:17":32,"s:162:21:162:45":118,"s:163:2:163:Infinity":119,"f:166:16:166:24":33,"s:167:2:167:Infinity":120,"s:168:2:168:Infinity":121,"s:169:2:169:Infinity":122,"s:170:2:170:Infinity":123,"b:171:2:171:Infinity:undefined:undefined:undefined:undefined":26,"s:171:2:171:Infinity":124,"s:171:43:171:Infinity":125,"f:174:16:174:29":34,"s:175:2:175:Infinity":126,"s:176:19:176:84":127,"b:176:41:176:52:176:54:176:84":27,"s:177:2:177:Infinity":128,"s:178:2:178:Infinity":129,"s:179:2:179:Infinity":130,"s:180:2:180:Infinity":131,"b:181:2:181:Infinity:undefined:undefined:undefined:undefined":28,"s:181:2:181:Infinity":132,"s:181:43:181:Infinity":133,"f:184:16:184:26":35,"b:184:46:184:54":29,"b:184:64:184:75":30,"s:185:12:185:53":134,"b:186:2:186:Infinity:undefined:undefined:undefined:undefined":31,"s:186:2:186:Infinity":135,"s:186:11:186:Infinity":136,"s:187:2:187:Infinity":137,"s:188:2:188:Infinity":138,"s:189:2:189:Infinity":139,"s:190:2:190:Infinity":140,"b:191:2:191:Infinity:undefined:undefined:undefined:undefined":32,"s:191:2:191:Infinity":141,"s:191:43:191:Infinity":142,"f:194:16:194:25":36,"s:196:2:196:Infinity":143,"f:196:23:196:24":37,"s:196:28:196:49":144,"s:197:2:197:Infinity":145}}}
,"/home/bsaunders/code/pharmverify-pwa/src/lib/stores/metrics.js": {"path":"/home/bsaunders/code/pharmverify-pwa/src/lib/stores/metrics.js","statementMap":{"0":{"start":{"line":3,"column":21},"end":{"line":8,"column":1}},"1":{"start":{"line":11,"column":2},"end":{"line":14,"column":null}},"2":{"start":{"line":12,"column":19},"end":{"line":12,"column":64}},"3":{"start":{"line":13,"column":4},"end":{"line":13,"column":null}},"4":{"start":{"line":14,"column":12},"end":{"line":14,"column":22}},"5":{"start":{"line":17,"column":2},"end":{"line":17,"column":null}},"6":{"start":{"line":20,"column":23},"end":{"line":20,"column":53}},"7":{"start":{"line":21,"column":23},"end":{"line":21,"column":53}},"8":{"start":{"line":23,"column":23},"end":{"line":23,"column":27}},"9":{"start":{"line":24,"column":24},"end":{"line":24,"column":38}},"10":{"start":{"line":27,"column":14},"end":{"line":27,"column":24}},"11":{"start":{"line":28,"column":22},"end":{"line":28,"column":41}},"12":{"start":{"line":29,"column":15},"end":{"line":29,"column":82}},"13":{"start":{"line":31,"column":2},"end":{"line":38,"column":null}},"14":{"start":{"line":32,"column":4},"end":{"line":32,"column":null}},"15":{"start":{"line":33,"column":4},"end":{"line":37,"column":null}},"16":{"start":{"line":34,"column":19},"end":{"line":34,"column":151}},"17":{"start":{"line":35,"column":6},"end":{"line":35,"column":null}},"18":{"start":{"line":36,"column":6},"end":{"line":36,"column":null}},"19":{"start":{"line":39,"column":2},"end":{"line":39,"column":null}},"20":{"start":{"line":43,"column":2},"end":{"line":43,"column":null}},"21":{"start":{"line":44,"column":2},"end":{"line":48,"column":null}},"22":{"start":{"line":45,"column":17},"end":{"line":45,"column":163}},"23":{"start":{"line":46,"column":4},"end":{"line":46,"column":null}},"24":{"start":{"line":47,"column":4},"end":{"line":47,"column":null}},"25":{"start":{"line":52,"column":14},"end":{"line":52,"column":24}},"26":{"start":{"line":53,"column":20},"end":{"line":53,"column":45}},"27":{"start":{"line":54,"column":14},"end":{"line":54,"column":73}},"28":{"start":{"line":56,"column":18},"end":{"line":69,"column":3}},"29":{"start":{"line":71,"column":2},"end":{"line":77,"column":null}},"30":{"start":{"line":72,"column":17},"end":{"line":72,"column":32}},"31":{"start":{"line":74,"column":4},"end":{"line":74,"column":null}},"32":{"start":{"line":74,"column":29},"end":{"line":74,"column":null}},"33":{"start":{"line":75,"column":4},"end":{"line":75,"column":null}},"34":{"start":{"line":76,"column":4},"end":{"line":76,"column":null}},"35":{"start":{"line":79,"column":2},"end":{"line":90,"column":null}},"36":{"start":{"line":80,"column":4},"end":{"line":89,"column":null}},"37":{"start":{"line":81,"column":6},"end":{"line":81,"column":null}},"38":{"start":{"line":81,"column":33},"end":{"line":81,"column":null}},"39":{"start":{"line":82,"column":6},"end":{"line":88,"column":null}},"40":{"start":{"line":91,"column":2},"end":{"line":91,"column":null}},"41":{"start":{"line":91,"column":25},"end":{"line":91,"column":48}},"42":{"start":{"line":91,"column":49},"end":{"line":91,"column":58}},"43":{"start":{"line":95,"column":29},"end":{"line":97,"column":1}},"44":{"start":{"line":96,"column":2},"end":{"line":96,"column":null}},"45":{"start":{"line":96,"column":25},"end":{"line":96,"column":36}},"46":{"start":{"line":96,"column":47},"end":{"line":96,"column":76}},"47":{"start":{"line":99,"column":30},"end":{"line":102,"column":2}},"48":{"start":{"line":100,"column":2},"end":{"line":100,"column":null}},"49":{"start":{"line":100,"column":23},"end":{"line":100,"column":null}},"50":{"start":{"line":101,"column":2},"end":{"line":101,"column":null}},"51":{"start":{"line":101,"column":36},"end":{"line":101,"column":47}},"52":{"start":{"line":104,"column":31},"end":{"line":113,"column":2}},"53":{"start":{"line":105,"column":15},"end":{"line":105,"column":24}},"54":{"start":{"line":106,"column":2},"end":{"line":109,"column":null}},"55":{"start":{"line":107,"column":16},"end":{"line":107,"column":45}},"56":{"start":{"line":108,"column":4},"end":{"line":108,"column":null}},"57":{"start":{"line":108,"column":24},"end":{"line":108,"column":null}},"58":{"start":{"line":110,"column":2},"end":{"line":110,"column":null}},"59":{"start":{"line":110,"column":23},"end":{"line":110,"column":null}},"60":{"start":{"line":111,"column":18},"end":{"line":111,"column":59}},"61":{"start":{"line":112,"column":2},"end":{"line":112,"column":null}},"62":{"start":{"line":115,"column":28},"end":{"line":132,"column":2}},"63":{"start":{"line":117,"column":24},"end":{"line":117,"column":26}},"64":{"start":{"line":118,"column":15},"end":{"line":118,"column":24}},"65":{"start":{"line":119,"column":2},"end":{"line":125,"column":null}},"66":{"start":{"line":120,"column":16},"end":{"line":120,"column":45}},"67":{"start":{"line":121,"column":4},"end":{"line":124,"column":null}},"68":{"start":{"line":122,"column":6},"end":{"line":122,"column":null}},"69":{"start":{"line":123,"column":6},"end":{"line":123,"column":null}},"70":{"start":{"line":126,"column":15},"end":{"line":126,"column":16}},"71":{"start":{"line":127,"column":2},"end":{"line":130,"column":null}},"72":{"start":{"line":127,"column":15},"end":{"line":127,"column":39}},"73":{"start":{"line":128,"column":4},"end":{"line":129,"column":null}},"74":{"start":{"line":128,"column":36},"end":{"line":128,"column":null}},"75":{"start":{"line":129,"column":9},"end":{"line":129,"column":null}},"76":{"start":{"line":131,"column":2},"end":{"line":131,"column":null}},"77":{"start":{"line":134,"column":32},"end":{"line":143,"column":1}},"78":{"start":{"line":135,"column":2},"end":{"line":142,"column":null}},"79":{"start":{"line":135,"column":17},"end":{"line":135,"column":36}},"80":{"start":{"line":135,"column":48},"end":{"line":142,"column":3}},"81":{"start":{"line":145,"column":34},"end":{"line":158,"column":2}},"82":{"start":{"line":146,"column":15},"end":{"line":146,"column":17}},"83":{"start":{"line":147,"column":2},"end":{"line":153,"column":null}},"84":{"start":{"line":148,"column":4},"end":{"line":150,"column":null}},"85":{"start":{"line":149,"column":6},"end":{"line":149,"column":null}},"86":{"start":{"line":151,"column":4},"end":{"line":151,"column":null}},"87":{"start":{"line":152,"column":4},"end":{"line":152,"column":null}},"88":{"start":{"line":152,"column":21},"end":{"line":152,"column":null}},"89":{"start":{"line":154,"column":2},"end":{"line":157,"column":null}},"90":{"start":{"line":154,"column":39},"end":{"line":157,"column":3}},"91":{"start":{"line":157,"column":21},"end":{"line":157,"column":44}},"92":{"start":{"line":160,"column":34},"end":{"line":174,"column":2}},"93":{"start":{"line":161,"column":16},"end":{"line":161,"column":18}},"94":{"start":{"line":162,"column":2},"end":{"line":166,"column":null}},"95":{"start":{"line":163,"column":4},"end":{"line":163,"column":null}},"96":{"start":{"line":163,"column":30},"end":{"line":163,"column":null}},"97":{"start":{"line":164,"column":4},"end":{"line":164,"column":null}},"98":{"start":{"line":165,"column":4},"end":{"line":165,"column":null}},"99":{"start":{"line":165,"column":21},"end":{"line":165,"column":null}},"100":{"start":{"line":167,"column":2},"end":{"line":173,"column":null}},"101":{"start":{"line":167,"column":50},"end":{"line":173,"column":3}},"102":{"start":{"line":176,"column":31},"end":{"line":182,"column":2}},"103":{"start":{"line":177,"column":19},"end":{"line":177,"column":77}},"104":{"start":{"line":178,"column":17},"end":{"line":178,"column":40}},"105":{"start":{"line":178,"column":32},"end":{"line":178,"column":39}},"106":{"start":{"line":179,"column":2},"end":{"line":179,"column":null}},"107":{"start":{"line":179,"column":27},"end":{"line":179,"column":null}},"108":{"start":{"line":180,"column":14},"end":{"line":180,"column":74}},"109":{"start":{"line":180,"column":40},"end":{"line":180,"column":70}},"110":{"start":{"line":181,"column":2},"end":{"line":181,"column":null}},"111":{"start":{"line":184,"column":29},"end":{"line":184,"column":78}},"112":{"start":{"line":184,"column":54},"end":{"line":184,"column":77}},"113":{"start":{"line":187,"column":2},"end":{"line":187,"column":null}},"114":{"start":{"line":188,"column":2},"end":{"line":188,"column":null}},"115":{"start":{"line":189,"column":2},"end":{"line":189,"column":null}},"116":{"start":{"line":190,"column":2},"end":{"line":190,"column":null}},"117":{"start":{"line":191,"column":2},"end":{"line":191,"column":null}}},"fnMap":{"0":{"name":"load","decl":{"start":{"line":10,"column":9},"end":{"line":10,"column":13}},"loc":{"start":{"line":10,"column":19},"end":{"line":15,"column":null}},"line":10},"1":{"name":"save","decl":{"start":{"line":16,"column":9},"end":{"line":16,"column":13}},"loc":{"start":{"line":16,"column":25},"end":{"line":18,"column":null}},"line":16},"2":{"name":"ensureSession","decl":{"start":{"line":26,"column":9},"end":{"line":26,"column":22}},"loc":{"start":{"line":26,"column":35},"end":{"line":40,"column":null}},"line":26},"3":{"name":"(anonymous_3)","decl":{"start":{"line":33,"column":20},"end":{"line":33,"column":21}},"loc":{"start":{"line":33,"column":25},"end":{"line":37,"column":5}},"line":33},"4":{"name":"startNewSession","decl":{"start":{"line":42,"column":16},"end":{"line":42,"column":31}},"loc":{"start":{"line":42,"column":44},"end":{"line":49,"column":null}},"line":42},"5":{"name":"(anonymous_5)","decl":{"start":{"line":44,"column":18},"end":{"line":44,"column":19}},"loc":{"start":{"line":44,"column":23},"end":{"line":48,"column":3}},"line":44},"6":{"name":"recordAttempt","decl":{"start":{"line":51,"column":16},"end":{"line":51,"column":29}},"loc":{"start":{"line":51,"column":185},"end":{"line":92,"column":null}},"line":51},"7":{"name":"(anonymous_7)","decl":{"start":{"line":71,"column":18},"end":{"line":71,"column":19}},"loc":{"start":{"line":71,"column":23},"end":{"line":77,"column":3}},"line":71},"8":{"name":"(anonymous_8)","decl":{"start":{"line":79,"column":18},"end":{"line":79,"column":19}},"loc":{"start":{"line":79,"column":23},"end":{"line":90,"column":3}},"line":79},"9":{"name":"(anonymous_9)","decl":{"start":{"line":80,"column":17},"end":{"line":80,"column":21}},"loc":{"start":{"line":80,"column":25},"end":{"line":89,"column":5}},"line":80},"10":{"name":"(anonymous_10)","decl":{"start":{"line":91,"column":18},"end":{"line":91,"column":19}},"loc":{"start":{"line":91,"column":23},"end":{"line":91,"column":60}},"line":91},"11":{"name":"(anonymous_11)","decl":{"start":{"line":95,"column":48},"end":{"line":95,"column":49}},"loc":{"start":{"line":96,"column":2},"end":{"line":96,"column":null}},"line":96},"12":{"name":"(anonymous_12)","decl":{"start":{"line":96,"column":20},"end":{"line":96,"column":21}},"loc":{"start":{"line":96,"column":25},"end":{"line":96,"column":36}},"line":96},"13":{"name":"(anonymous_13)","decl":{"start":{"line":96,"column":42},"end":{"line":96,"column":43}},"loc":{"start":{"line":96,"column":47},"end":{"line":96,"column":76}},"line":96},"14":{"name":"(anonymous_14)","decl":{"start":{"line":99,"column":49},"end":{"line":99,"column":50}},"loc":{"start":{"line":99,"column":55},"end":{"line":102,"column":1}},"line":99},"15":{"name":"(anonymous_15)","decl":{"start":{"line":101,"column":31},"end":{"line":101,"column":32}},"loc":{"start":{"line":101,"column":36},"end":{"line":101,"column":47}},"line":101},"16":{"name":"(anonymous_16)","decl":{"start":{"line":104,"column":50},"end":{"line":104,"column":51}},"loc":{"start":{"line":104,"column":56},"end":{"line":113,"column":1}},"line":104},"17":{"name":"(anonymous_17)","decl":{"start":{"line":115,"column":47},"end":{"line":115,"column":48}},"loc":{"start":{"line":115,"column":53},"end":{"line":132,"column":1}},"line":115},"18":{"name":"(anonymous_18)","decl":{"start":{"line":134,"column":51},"end":{"line":134,"column":52}},"loc":{"start":{"line":135,"column":2},"end":{"line":142,"column":null}},"line":135},"19":{"name":"(anonymous_19)","decl":{"start":{"line":135,"column":12},"end":{"line":135,"column":13}},"loc":{"start":{"line":135,"column":17},"end":{"line":135,"column":36}},"line":135},"20":{"name":"(anonymous_20)","decl":{"start":{"line":135,"column":42},"end":{"line":135,"column":43}},"loc":{"start":{"line":135,"column":48},"end":{"line":142,"column":3}},"line":135},"21":{"name":"(anonymous_21)","decl":{"start":{"line":145,"column":53},"end":{"line":145,"column":54}},"loc":{"start":{"line":145,"column":59},"end":{"line":158,"column":1}},"line":145},"22":{"name":"(anonymous_22)","decl":{"start":{"line":154,"column":33},"end":{"line":154,"column":34}},"loc":{"start":{"line":154,"column":39},"end":{"line":157,"column":3}},"line":154},"23":{"name":"(anonymous_23)","decl":{"start":{"line":157,"column":11},"end":{"line":157,"column":12}},"loc":{"start":{"line":157,"column":21},"end":{"line":157,"column":44}},"line":157},"24":{"name":"(anonymous_24)","decl":{"start":{"line":160,"column":53},"end":{"line":160,"column":54}},"loc":{"start":{"line":160,"column":59},"end":{"line":174,"column":1}},"line":160},"25":{"name":"(anonymous_25)","decl":{"start":{"line":167,"column":35},"end":{"line":167,"column":36}},"loc":{"start":{"line":167,"column":50},"end":{"line":173,"column":3}},"line":167},"26":{"name":"(anonymous_26)","decl":{"start":{"line":176,"column":50},"end":{"line":176,"column":51}},"loc":{"start":{"line":176,"column":56},"end":{"line":182,"column":1}},"line":176},"27":{"name":"(anonymous_27)","decl":{"start":{"line":178,"column":27},"end":{"line":178,"column":28}},"loc":{"start":{"line":178,"column":32},"end":{"line":178,"column":39}},"line":178},"28":{"name":"(anonymous_28)","decl":{"start":{"line":180,"column":28},"end":{"line":180,"column":29}},"loc":{"start":{"line":180,"column":40},"end":{"line":180,"column":70}},"line":180},"29":{"name":"(anonymous_29)","decl":{"start":{"line":184,"column":48},"end":{"line":184,"column":49}},"loc":{"start":{"line":184,"column":54},"end":{"line":184,"column":77}},"line":184},"30":{"name":"clearMetrics","decl":{"start":{"line":186,"column":16},"end":{"line":186,"column":28}},"loc":{"start":{"line":186,"column":31},"end":{"line":192,"column":null}},"line":186}},"branchMap":{"0":{"loc":{"start":{"line":12,"column":30},"end":{"line":12,"column":63}},"type":"binary-expr","locations":[{"start":{"line":12,"column":30},"end":{"line":12,"column":55}},{"start":{"line":12,"column":59},"end":{"line":12,"column":63}}],"line":12},"1":{"loc":{"start":{"line":13,"column":11},"end":{"line":13,"column":46}},"type":"cond-expr","locations":[{"start":{"line":13,"column":35},"end":{"line":13,"column":41}},{"start":{"line":13,"column":44},"end":{"line":13,"column":46}}],"line":13},"2":{"loc":{"start":{"line":29,"column":15},"end":{"line":29,"column":82}},"type":"cond-expr","locations":[{"start":{"line":29,"column":40},"end":{"line":29,"column":75}},{"start":{"line":29,"column":78},"end":{"line":29,"column":82}}],"line":29},"3":{"loc":{"start":{"line":31,"column":2},"end":{"line":38,"column":null}},"type":"if","locations":[{"start":{"line":31,"column":2},"end":{"line":38,"column":null}},{"start":{},"end":{}}],"line":31},"4":{"loc":{"start":{"line":31,"column":6},"end":{"line":31,"column":76}},"type":"binary-expr","locations":[{"start":{"line":31,"column":6},"end":{"line":31,"column":23}},{"start":{"line":31,"column":27},"end":{"line":31,"column":32}},{"start":{"line":31,"column":37},"end":{"line":31,"column":75}}],"line":31},"5":{"loc":{"start":{"line":54,"column":14},"end":{"line":54,"column":73}},"type":"binary-expr","locations":[{"start":{"line":54,"column":14},"end":{"line":54,"column":37}},{"start":{"line":54,"column":41},"end":{"line":54,"column":73}}],"line":54},"6":{"loc":{"start":{"line":63,"column":11},"end":{"line":63,"column":24}},"type":"binary-expr","locations":[{"start":{"line":63,"column":11},"end":{"line":63,"column":16}},{"start":{"line":63,"column":20},"end":{"line":63,"column":24}}],"line":63},"7":{"loc":{"start":{"line":64,"column":24},"end":{"line":64,"column":50}},"type":"binary-expr","locations":[{"start":{"line":64,"column":24},"end":{"line":64,"column":42}},{"start":{"line":64,"column":46},"end":{"line":64,"column":50}}],"line":64},"8":{"loc":{"start":{"line":67,"column":19},"end":{"line":67,"column":40}},"type":"binary-expr","locations":[{"start":{"line":67,"column":19},"end":{"line":67,"column":32}},{"start":{"line":67,"column":36},"end":{"line":67,"column":40}}],"line":67},"9":{"loc":{"start":{"line":68,"column":21},"end":{"line":68,"column":null}},"type":"binary-expr","locations":[{"start":{"line":68,"column":21},"end":{"line":68,"column":36}},{"start":{"line":68,"column":40},"end":{"line":68,"column":null}}],"line":68},"10":{"loc":{"start":{"line":74,"column":4},"end":{"line":74,"column":null}},"type":"if","locations":[{"start":{"line":74,"column":4},"end":{"line":74,"column":null}},{"start":{},"end":{}}],"line":74},"11":{"loc":{"start":{"line":81,"column":6},"end":{"line":81,"column":null}},"type":"if","locations":[{"start":{"line":81,"column":6},"end":{"line":81,"column":null}},{"start":{},"end":{}}],"line":81},"12":{"loc":{"start":{"line":86,"column":49},"end":{"line":86,"column":66}},"type":"cond-expr","locations":[{"start":{"line":86,"column":61},"end":{"line":86,"column":62}},{"start":{"line":86,"column":65},"end":{"line":86,"column":66}}],"line":86},"13":{"loc":{"start":{"line":87,"column":49},"end":{"line":87,"column":66}},"type":"cond-expr","locations":[{"start":{"line":87,"column":61},"end":{"line":87,"column":62}},{"start":{"line":87,"column":65},"end":{"line":87,"column":66}}],"line":87},"14":{"loc":{"start":{"line":100,"column":2},"end":{"line":100,"column":null}},"type":"if","locations":[{"start":{"line":100,"column":2},"end":{"line":100,"column":null}},{"start":{},"end":{}}],"line":100},"15":{"loc":{"start":{"line":108,"column":4},"end":{"line":108,"column":null}},"type":"if","locations":[{"start":{"line":108,"column":4},"end":{"line":108,"column":null}},{"start":{},"end":{}}],"line":108},"16":{"loc":{"start":{"line":110,"column":2},"end":{"line":110,"column":null}},"type":"if","locations":[{"start":{"line":110,"column":2},"end":{"line":110,"column":null}},{"start":{},"end":{}}],"line":110},"17":{"loc":{"start":{"line":121,"column":4},"end":{"line":124,"column":null}},"type":"if","locations":[{"start":{"line":121,"column":4},"end":{"line":124,"column":null}},{"start":{},"end":{}}],"line":121},"18":{"loc":{"start":{"line":128,"column":4},"end":{"line":129,"column":null}},"type":"if","locations":[{"start":{"line":128,"column":4},"end":{"line":129,"column":null}},{"start":{"line":129,"column":9},"end":{"line":129,"column":null}}],"line":128},"19":{"loc":{"start":{"line":148,"column":4},"end":{"line":150,"column":null}},"type":"if","locations":[{"start":{"line":148,"column":4},"end":{"line":150,"column":null}},{"start":{},"end":{}}],"line":148},"20":{"loc":{"start":{"line":152,"column":4},"end":{"line":152,"column":null}},"type":"if","locations":[{"start":{"line":152,"column":4},"end":{"line":152,"column":null}},{"start":{},"end":{}}],"line":152},"21":{"loc":{"start":{"line":156,"column":14},"end":{"line":156,"column":null}},"type":"cond-expr","locations":[{"start":{"line":156,"column":28},"end":{"line":156,"column":67}},{"start":{"line":156,"column":70},"end":{"line":156,"column":null}}],"line":156},"22":{"loc":{"start":{"line":163,"column":4},"end":{"line":163,"column":null}},"type":"if","locations":[{"start":{"line":163,"column":4},"end":{"line":163,"column":null}},{"start":{},"end":{}}],"line":163},"23":{"loc":{"start":{"line":165,"column":4},"end":{"line":165,"column":null}},"type":"if","locations":[{"start":{"line":165,"column":4},"end":{"line":165,"column":null}},{"start":{},"end":{}}],"line":165},"24":{"loc":{"start":{"line":169,"column":11},"end":{"line":169,"column":86}},"type":"cond-expr","locations":[{"start":{"line":169,"column":31},"end":{"line":169,"column":41}},{"start":{"line":169,"column":44},"end":{"line":169,"column":86}}],"line":169},"25":{"loc":{"start":{"line":172,"column":14},"end":{"line":172,"column":null}},"type":"cond-expr","locations":[{"start":{"line":172,"column":28},"end":{"line":172,"column":67}},{"start":{"line":172,"column":70},"end":{"line":172,"column":null}}],"line":172},"26":{"loc":{"start":{"line":179,"column":2},"end":{"line":179,"column":null}},"type":"if","locations":[{"start":{"line":179,"column":2},"end":{"line":179,"column":null}},{"start":{},"end":{}}],"line":179},"27":{"loc":{"start":{"line":180,"column":47},"end":{"line":180,"column":69}},"type":"binary-expr","locations":[{"start":{"line":180,"column":47},"end":{"line":180,"column":64}},{"start":{"line":180,"column":68},"end":{"line":180,"column":69}}],"line":180}},"s":{"0":35,"1":140,"2":140,"3":140,"4":2,"5":165,"6":35,"7":35,"8":35,"9":35,"10":70,"11":70,"12":70,"13":70,"14":24,"15":24,"16":24,"17":24,"18":24,"19":70,"20":1,"21":1,"22":1,"23":1,"24":1,"25":70,"26":70,"27":70,"28":70,"29":70,"30":70,"31":70,"32":1,"33":70,"34":70,"35":70,"36":70,"37":70,"38":0,"39":70,"40":70,"41":70,"42":70,"43":35,"44":1,"45":4,"46":3,"47":35,"48":3,"49":1,"50":2,"51":5,"52":35,"53":3,"54":3,"55":4,"56":4,"57":3,"58":3,"59":1,"60":2,"61":2,"62":35,"63":3,"64":3,"65":3,"66":5,"67":5,"68":5,"69":5,"70":3,"71":3,"72":3,"73":4,"74":2,"75":2,"76":3,"77":35,"78":0,"79":0,"80":0,"81":35,"82":2,"83":2,"84":5,"85":4,"86":5,"87":5,"88":3,"89":2,"90":4,"91":2,"92":35,"93":3,"94":3,"95":5,"96":4,"97":5,"98":5,"99":4,"100":3,"101":4,"102":35,"103":3,"104":3,"105":7,"106":3,"107":1,"108":2,"109":6,"110":2,"111":35,"112":1,"113":1,"114":1,"115":1,"116":1,"117":1},"f":{"0":140,"1":165,"2":70,"3":24,"4":1,"5":1,"6":70,"7":70,"8":70,"9":70,"10":70,"11":1,"12":4,"13":3,"14":3,"15":5,"16":3,"17":3,"18":0,"19":0,"20":0,"21":2,"22":4,"23":2,"24":3,"25":4,"26":3,"27":7,"28":6,"29":1,"30":1},"b":{"0":[140,85],"1":[136,2],"2":[47,23],"3":[24,46],"4":[70,46,46],"5":[70,1],"6":[70,64],"7":[70,70],"8":[70,70],"9":[70,70],"10":[1,69],"11":[0,70],"12":[60,10],"13":[60,10],"14":[1,2],"15":[3,1],"16":[1,2],"17":[5,0],"18":[2,2],"19":[4,1],"20":[3,2],"21":[4,0],"22":[4,1],"23":[4,1],"24":[1,3],"25":[4,0],"26":[1,2],"27":[6,0]},"meta":{"lastBranch":28,"lastFunction":31,"lastStatement":118,"seen":{"s:3:21:8:1":0,"f:10:9:10:13":0,"s:11:2:14:Infinity":1,"s:12:19:12:64":2,"b:12:30:12:55:12:59:12:63":0,"s:13:4:13:Infinity":3,"b:13:35:13:41:13:44:13:46":1,"s:14:12:14:22":4,"f:16:9:16:13":1,"s:17:2:17:Infinity":5,"s:20:23:20:53":6,"s:21:23:21:53":7,"s:23:23:23:27":8,"s:24:24:24:38":9,"f:26:9:26:22":2,"s:27:14:27:24":10,"s:28:22:28:41":11,"s:29:15:29:82":12,"b:29:40:29:75:29:78:29:82":2,"b:31:2:38:Infinity:undefined:undefined:undefined:undefined":3,"s:31:2:38:Infinity":13,"b:31:6:31:23:31:27:31:32:31:37:31:75":4,"s:32:4:32:Infinity":14,"s:33:4:37:Infinity":15,"f:33:20:33:21":3,"s:34:19:34:151":16,"s:35:6:35:Infinity":17,"s:36:6:36:Infinity":18,"s:39:2:39:Infinity":19,"f:42:16:42:31":4,"s:43:2:43:Infinity":20,"s:44:2:48:Infinity":21,"f:44:18:44:19":5,"s:45:17:45:163":22,"s:46:4:46:Infinity":23,"s:47:4:47:Infinity":24,"f:51:16:51:29":6,"s:52:14:52:24":25,"s:53:20:53:45":26,"s:54:14:54:73":27,"b:54:14:54:37:54:41:54:73":5,"s:56:18:69:3":28,"b:63:11:63:16:63:20:63:24":6,"b:64:24:64:42:64:46:64:50":7,"b:67:19:67:32:67:36:67:40":8,"b:68:21:68:36:68:40:68:Infinity":9,"s:71:2:77:Infinity":29,"f:71:18:71:19":7,"s:72:17:72:32":30,"b:74:4:74:Infinity:undefined:undefined:undefined:undefined":10,"s:74:4:74:Infinity":31,"s:74:29:74:Infinity":32,"s:75:4:75:Infinity":33,"s:76:4:76:Infinity":34,"s:79:2:90:Infinity":35,"f:79:18:79:19":8,"s:80:4:89:Infinity":36,"f:80:17:80:21":9,"b:81:6:81:Infinity:undefined:undefined:undefined:undefined":11,"s:81:6:81:Infinity":37,"s:81:33:81:Infinity":38,"s:82:6:88:Infinity":39,"b:86:61:86:62:86:65:86:66":12,"b:87:61:87:62:87:65:87:66":13,"s:91:2:91:Infinity":40,"f:91:18:91:19":10,"s:91:25:91:48":41,"s:91:49:91:58":42,"s:95:29:97:1":43,"f:95:48:95:49":11,"s:96:2:96:Infinity":44,"f:96:20:96:21":12,"s:96:25:96:36":45,"f:96:42:96:43":13,"s:96:47:96:76":46,"s:99:30:102:2":47,"f:99:49:99:50":14,"b:100:2:100:Infinity:undefined:undefined:undefined:undefined":14,"s:100:2:100:Infinity":48,"s:100:23:100:Infinity":49,"s:101:2:101:Infinity":50,"f:101:31:101:32":15,"s:101:36:101:47":51,"s:104:31:113:2":52,"f:104:50:104:51":16,"s:105:15:105:24":53,"s:106:2:109:Infinity":54,"s:107:16:107:45":55,"b:108:4:108:Infinity:undefined:undefined:undefined:undefined":15,"s:108:4:108:Infinity":56,"s:108:24:108:Infinity":57,"b:110:2:110:Infinity:undefined:undefined:undefined:undefined":16,"s:110:2:110:Infinity":58,"s:110:23:110:Infinity":59,"s:111:18:111:59":60,"s:112:2:112:Infinity":61,"s:115:28:132:2":62,"f:115:47:115:48":17,"s:117:24:117:26":63,"s:118:15:118:24":64,"s:119:2:125:Infinity":65,"s:120:16:120:45":66,"b:121:4:124:Infinity:undefined:undefined:undefined:undefined":17,"s:121:4:124:Infinity":67,"s:122:6:122:Infinity":68,"s:123:6:123:Infinity":69,"s:126:15:126:16":70,"s:127:2:130:Infinity":71,"s:127:15:127:39":72,"b:128:4:129:Infinity:129:9:129:Infinity":18,"s:128:4:129:Infinity":73,"s:128:36:128:Infinity":74,"s:129:9:129:Infinity":75,"s:131:2:131:Infinity":76,"s:134:32:143:1":77,"f:134:51:134:52":18,"s:135:2:142:Infinity":78,"f:135:12:135:13":19,"s:135:17:135:36":79,"f:135:42:135:43":20,"s:135:48:142:3":80,"s:145:34:158:2":81,"f:145:53:145:54":21,"s:146:15:146:17":82,"s:147:2:153:Infinity":83,"b:148:4:150:Infinity:undefined:undefined:undefined:undefined":19,"s:148:4:150:Infinity":84,"s:149:6:149:Infinity":85,"s:151:4:151:Infinity":86,"b:152:4:152:Infinity:undefined:undefined:undefined:undefined":20,"s:152:4:152:Infinity":87,"s:152:21:152:Infinity":88,"s:154:2:157:Infinity":89,"f:154:33:154:34":22,"s:154:39:157:3":90,"b:156:28:156:67:156:70:156:Infinity":21,"f:157:11:157:12":23,"s:157:21:157:44":91,"s:160:34:174:2":92,"f:160:53:160:54":24,"s:161:16:161:18":93,"s:162:2:166:Infinity":94,"b:163:4:163:Infinity:undefined:undefined:undefined:undefined":22,"s:163:4:163:Infinity":95,"s:163:30:163:Infinity":96,"s:164:4:164:Infinity":97,"b:165:4:165:Infinity:undefined:undefined:undefined:undefined":23,"s:165:4:165:Infinity":98,"s:165:21:165:Infinity":99,"s:167:2:173:Infinity":100,"f:167:35:167:36":25,"s:167:50:173:3":101,"b:169:31:169:41:169:44:169:86":24,"b:172:28:172:67:172:70:172:Infinity":25,"s:176:31:182:2":102,"f:176:50:176:51":26,"s:177:19:177:77":103,"s:178:17:178:40":104,"f:178:27:178:28":27,"s:178:32:178:39":105,"b:179:2:179:Infinity:undefined:undefined:undefined:undefined":26,"s:179:2:179:Infinity":106,"s:179:27:179:Infinity":107,"s:180:14:180:74":108,"f:180:28:180:29":28,"s:180:40:180:70":109,"b:180:47:180:64:180:68:180:69":27,"s:181:2:181:Infinity":110,"s:184:29:184:78":111,"f:184:48:184:49":29,"s:184:54:184:77":112,"f:186:16:186:28":30,"s:187:2:187:Infinity":113,"s:188:2:188:Infinity":114,"s:189:2:189:Infinity":115,"s:190:2:190:Infinity":116,"s:191:2:191:Infinity":117}}}
,"/home/bsaunders/code/pharmverify-pwa/src/lib/utils/clinical.js": {"path":"/home/bsaunders/code/pharmverify-pwa/src/lib/utils/clinical.js","statementMap":{"0":{"start":{"line":6,"column":15},"end":{"line":6,"column":47}},"1":{"start":{"line":7,"column":2},"end":{"line":7,"column":null}},"2":{"start":{"line":7,"column":33},"end":{"line":7,"column":null}},"3":{"start":{"line":8,"column":2},"end":{"line":8,"column":null}},"4":{"start":{"line":16,"column":14},"end":{"line":16,"column":59}},"5":{"start":{"line":17,"column":14},"end":{"line":17,"column":35}},"6":{"start":{"line":18,"column":13},"end":{"line":18,"column":39}},"7":{"start":{"line":19,"column":17},"end":{"line":19,"column":50}},"8":{"start":{"line":20,"column":2},"end":{"line":20,"column":null}},"9":{"start":{"line":20,"column":27},"end":{"line":20,"column":null}},"10":{"start":{"line":21,"column":2},"end":{"line":21,"column":null}},"11":{"start":{"line":27,"column":28},"end":{"line":32,"column":1}},"12":{"start":{"line":39,"column":21},"end":{"line":39,"column":75}},"13":{"start":{"line":39,"column":49},"end":{"line":39,"column":58}},"14":{"start":{"line":39,"column":69},"end":{"line":39,"column":73}},"15":{"start":{"line":40,"column":21},"end":{"line":40,"column":22}},"16":{"start":{"line":41,"column":19},"end":{"line":41,"column":20}},"17":{"start":{"line":43,"column":2},"end":{"line":46,"column":null}},"18":{"start":{"line":44,"column":4},"end":{"line":45,"column":null}},"19":{"start":{"line":44,"column":28},"end":{"line":44,"column":null}},"20":{"start":{"line":45,"column":9},"end":{"line":45,"column":null}},"21":{"start":{"line":48,"column":2},"end":{"line":53,"column":null}}},"fnMap":{"0":{"name":"getLatestLab","decl":{"start":{"line":5,"column":16},"end":{"line":5,"column":28}},"loc":{"start":{"line":5,"column":47},"end":{"line":9,"column":null}},"line":5},"1":{"name":"calcCrCl","decl":{"start":{"line":15,"column":16},"end":{"line":15,"column":24}},"loc":{"start":{"line":15,"column":34},"end":{"line":22,"column":null}},"line":15},"2":{"name":"scoreRejectReasons","decl":{"start":{"line":38,"column":16},"end":{"line":38,"column":34}},"loc":{"start":{"line":38,"column":57},"end":{"line":54,"column":null}},"line":38},"3":{"name":"(anonymous_3)","decl":{"start":{"line":39,"column":44},"end":{"line":39,"column":45}},"loc":{"start":{"line":39,"column":49},"end":{"line":39,"column":58}},"line":39},"4":{"name":"(anonymous_4)","decl":{"start":{"line":39,"column":64},"end":{"line":39,"column":65}},"loc":{"start":{"line":39,"column":69},"end":{"line":39,"column":73}},"line":39}},"branchMap":{"0":{"loc":{"start":{"line":6,"column":29},"end":{"line":6,"column":46}},"type":"binary-expr","locations":[{"start":{"line":6,"column":29},"end":{"line":6,"column":40}},{"start":{"line":6,"column":44},"end":{"line":6,"column":46}}],"line":6},"1":{"loc":{"start":{"line":7,"column":2},"end":{"line":7,"column":null}},"type":"if","locations":[{"start":{"line":7,"column":2},"end":{"line":7,"column":null}},{"start":{},"end":{}}],"line":7},"2":{"loc":{"start":{"line":7,"column":6},"end":{"line":7,"column":31}},"type":"binary-expr","locations":[{"start":{"line":7,"column":6},"end":{"line":7,"column":14}},{"start":{"line":7,"column":18},"end":{"line":7,"column":31}}],"line":7},"3":{"loc":{"start":{"line":8,"column":9},"end":{"line":8,"column":69}},"type":"cond-expr","locations":[{"start":{"line":8,"column":39},"end":{"line":8,"column":54}},{"start":{"line":8,"column":57},"end":{"line":8,"column":69}}],"line":8},"4":{"loc":{"start":{"line":19,"column":18},"end":{"line":19,"column":35}},"type":"binary-expr","locations":[{"start":{"line":19,"column":18},"end":{"line":19,"column":29}},{"start":{"line":19,"column":33},"end":{"line":19,"column":35}}],"line":19},"5":{"loc":{"start":{"line":20,"column":2},"end":{"line":20,"column":null}},"type":"if","locations":[{"start":{"line":20,"column":2},"end":{"line":20,"column":null}},{"start":{},"end":{}}],"line":20},"6":{"loc":{"start":{"line":20,"column":6},"end":{"line":20,"column":25}},"type":"binary-expr","locations":[{"start":{"line":20,"column":6},"end":{"line":20,"column":10}},{"start":{"line":20,"column":14},"end":{"line":20,"column":18}},{"start":{"line":20,"column":22},"end":{"line":20,"column":25}}],"line":20},"7":{"loc":{"start":{"line":21,"column":55},"end":{"line":21,"column":72}},"type":"cond-expr","locations":[{"start":{"line":21,"column":64},"end":{"line":21,"column":68}},{"start":{"line":21,"column":71},"end":{"line":21,"column":72}}],"line":21},"8":{"loc":{"start":{"line":44,"column":4},"end":{"line":45,"column":null}},"type":"if","locations":[{"start":{"line":44,"column":4},"end":{"line":45,"column":null}},{"start":{"line":45,"column":9},"end":{"line":45,"column":null}}],"line":44},"9":{"loc":{"start":{"line":52,"column":24},"end":{"line":52,"column":null}},"type":"binary-expr","locations":[{"start":{"line":52,"column":24},"end":{"line":52,"column":56}},{"start":{"line":52,"column":60},"end":{"line":52,"column":null}}],"line":52}},"s":{"0":16,"1":16,"2":5,"3":11,"4":9,"5":9,"6":9,"7":9,"8":9,"9":3,"10":6,"11":2,"12":13,"13":44,"14":23,"15":13,"16":13,"17":13,"18":20,"19":15,"20":5,"21":13},"f":{"0":16,"1":9,"2":13,"3":44,"4":23},"b":{"0":[16,2],"1":[5,11],"2":[16,12],"3":[4,7],"4":[9,1],"5":[3,6],"6":[9,8,7],"7":[4,2],"8":[15,5],"9":[13,7]},"meta":{"lastBranch":10,"lastFunction":5,"lastStatement":22,"seen":{"f:5:16:5:28":0,"s:6:15:6:47":0,"b:6:29:6:40:6:44:6:46":0,"b:7:2:7:Infinity:undefined:undefined:undefined:undefined":1,"s:7:2:7:Infinity":1,"b:7:6:7:14:7:18:7:31":2,"s:7:33:7:Infinity":2,"s:8:2:8:Infinity":3,"b:8:39:8:54:8:57:8:69":3,"f:15:16:15:24":1,"s:16:14:16:59":4,"s:17:14:17:35":5,"s:18:13:18:39":6,"s:19:17:19:50":7,"b:19:18:19:29:19:33:19:35":4,"b:20:2:20:Infinity:undefined:undefined:undefined:undefined":5,"s:20:2:20:Infinity":8,"b:20:6:20:10:20:14:20:18:20:22:20:25":6,"s:20:27:20:Infinity":9,"s:21:2:21:Infinity":10,"b:21:64:21:68:21:71:21:72":7,"s:27:28:32:1":11,"f:38:16:38:34":2,"s:39:21:39:75":12,"f:39:44:39:45":3,"s:39:49:39:58":13,"f:39:64:39:65":4,"s:39:69:39:73":14,"s:40:21:40:22":15,"s:41:19:41:20":16,"s:43:2:46:Infinity":17,"b:44:4:45:Infinity:45:9:45:Infinity":8,"s:44:4:45:Infinity":18,"s:44:28:44:Infinity":19,"s:45:9:45:Infinity":20,"s:48:2:53:Infinity":21,"b:52:24:52:56:52:60:52:Infinity":9}}}
,"/home/bsaunders/code/pharmverify-pwa/src/lib/utils/parser.js": {"path":"/home/bsaunders/code/pharmverify-pwa/src/lib/utils/parser.js","statementMap":{"0":{"start":{"line":2,"column":16},"end":{"line":2,"column":27}},"1":{"start":{"line":3,"column":2},"end":{"line":5,"column":null}},"2":{"start":{"line":4,"column":4},"end":{"line":4,"column":null}},"3":{"start":{"line":6,"column":15},"end":{"line":6,"column":34}},"4":{"start":{"line":8,"column":2},"end":{"line":8,"column":null}},"5":{"start":{"line":8,"column":59},"end":{"line":8,"column":null}},"6":{"start":{"line":9,"column":2},"end":{"line":9,"column":null}},"7":{"start":{"line":9,"column":51},"end":{"line":9,"column":null}},"8":{"start":{"line":12,"column":2},"end":{"line":21,"column":null}},"9":{"start":{"line":13,"column":16},"end":{"line":13,"column":18}},"10":{"start":{"line":14,"column":4},"end":{"line":19,"column":null}},"11":{"start":{"line":14,"column":17},"end":{"line":14,"column":18}},"12":{"start":{"line":15,"column":16},"end":{"line":15,"column":32}},"13":{"start":{"line":16,"column":18},"end":{"line":16,"column":37}},"14":{"start":{"line":17,"column":6},"end":{"line":17,"column":null}},"15":{"start":{"line":17,"column":16},"end":{"line":17,"column":null}},"16":{"start":{"line":18,"column":6},"end":{"line":18,"column":null}},"17":{"start":{"line":20,"column":4},"end":{"line":20,"column":null}},"18":{"start":{"line":23,"column":21},"end":{"line":23,"column":47}},"19":{"start":{"line":24,"column":2},"end":{"line":24,"column":null}},"20":{"start":{"line":24,"column":31},"end":{"line":24,"column":null}},"21":{"start":{"line":26,"column":17},"end":{"line":26,"column":19}},"22":{"start":{"line":27,"column":2},"end":{"line":42,"column":null}},"23":{"start":{"line":28,"column":14},"end":{"line":28,"column":32}},"24":{"start":{"line":29,"column":4},"end":{"line":29,"column":null}},"25":{"start":{"line":29,"column":17},"end":{"line":29,"column":null}},"26":{"start":{"line":30,"column":4},"end":{"line":30,"column":null}},"27":{"start":{"line":30,"column":16},"end":{"line":30,"column":null}},"28":{"start":{"line":31,"column":4},"end":{"line":31,"column":null}},"29":{"start":{"line":31,"column":16},"end":{"line":31,"column":null}},"30":{"start":{"line":32,"column":4},"end":{"line":32,"column":null}},"31":{"start":{"line":32,"column":22},"end":{"line":32,"column":null}},"32":{"start":{"line":33,"column":4},"end":{"line":33,"column":null}},"33":{"start":{"line":33,"column":15},"end":{"line":33,"column":null}},"34":{"start":{"line":34,"column":4},"end":{"line":34,"column":null}},"35":{"start":{"line":34,"column":17},"end":{"line":34,"column":null}},"36":{"start":{"line":35,"column":4},"end":{"line":35,"column":null}},"37":{"start":{"line":35,"column":18},"end":{"line":35,"column":null}},"38":{"start":{"line":36,"column":4},"end":{"line":36,"column":null}},"39":{"start":{"line":36,"column":26},"end":{"line":36,"column":null}},"40":{"start":{"line":37,"column":4},"end":{"line":37,"column":null}},"41":{"start":{"line":37,"column":21},"end":{"line":37,"column":null}},"42":{"start":{"line":38,"column":4},"end":{"line":38,"column":null}},"43":{"start":{"line":38,"column":17},"end":{"line":38,"column":null}},"44":{"start":{"line":39,"column":4},"end":{"line":39,"column":null}},"45":{"start":{"line":39,"column":15},"end":{"line":39,"column":null}},"46":{"start":{"line":40,"column":4},"end":{"line":40,"column":null}},"47":{"start":{"line":40,"column":17},"end":{"line":40,"column":null}},"48":{"start":{"line":41,"column":4},"end":{"line":41,"column":null}},"49":{"start":{"line":41,"column":22},"end":{"line":41,"column":null}},"50":{"start":{"line":44,"column":2},"end":{"line":59,"column":null}},"51":{"start":{"line":44,"column":15},"end":{"line":44,"column":16}},"52":{"start":{"line":45,"column":14},"end":{"line":45,"column":28}},"53":{"start":{"line":46,"column":4},"end":{"line":46,"column":null}},"54":{"start":{"line":46,"column":15},"end":{"line":46,"column":null}},"55":{"start":{"line":47,"column":4},"end":{"line":47,"column":null}},"56":{"start":{"line":47,"column":22},"end":{"line":47,"column":null}},"57":{"start":{"line":48,"column":4},"end":{"line":48,"column":null}},"58":{"start":{"line":48,"column":37},"end":{"line":48,"column":null}},"59":{"start":{"line":49,"column":4},"end":{"line":49,"column":null}},"60":{"start":{"line":49,"column":21},"end":{"line":49,"column":null}},"61":{"start":{"line":50,"column":4},"end":{"line":50,"column":null}},"62":{"start":{"line":50,"column":21},"end":{"line":50,"column":null}},"63":{"start":{"line":51,"column":4},"end":{"line":51,"column":null}},"64":{"start":{"line":51,"column":19},"end":{"line":51,"column":null}},"65":{"start":{"line":52,"column":4},"end":{"line":52,"column":null}},"66":{"start":{"line":52,"column":21},"end":{"line":52,"column":null}},"67":{"start":{"line":53,"column":4},"end":{"line":53,"column":null}},"68":{"start":{"line":53,"column":21},"end":{"line":53,"column":null}},"69":{"start":{"line":54,"column":4},"end":{"line":54,"column":null}},"70":{"start":{"line":54,"column":20},"end":{"line":54,"column":null}},"71":{"start":{"line":55,"column":4},"end":{"line":55,"column":null}},"72":{"start":{"line":55,"column":39},"end":{"line":55,"column":null}},"73":{"start":{"line":56,"column":4},"end":{"line":56,"column":null}},"74":{"start":{"line":56,"column":21},"end":{"line":56,"column":null}},"75":{"start":{"line":57,"column":4},"end":{"line":57,"column":null}},"76":{"start":{"line":57,"column":24},"end":{"line":57,"column":null}},"77":{"start":{"line":58,"column":4},"end":{"line":58,"column":null}},"78":{"start":{"line":58,"column":20},"end":{"line":58,"column":null}},"79":{"start":{"line":61,"column":2},"end":{"line":61,"column":null}},"80":{"start":{"line":61,"column":25},"end":{"line":61,"column":null}},"81":{"start":{"line":63,"column":2},"end":{"line":63,"column":null}},"82":{"start":{"line":65,"column":2},"end":{"line":65,"column":null}}},"fnMap":{"0":{"name":"parseCaseFile","decl":{"start":{"line":1,"column":16},"end":{"line":1,"column":29}},"loc":{"start":{"line":1,"column":36},"end":{"line":66,"column":null}},"line":1}},"branchMap":{"0":{"loc":{"start":{"line":3,"column":2},"end":{"line":5,"column":null}},"type":"if","locations":[{"start":{"line":3,"column":2},"end":{"line":5,"column":null}},{"start":{},"end":{}}],"line":3},"1":{"loc":{"start":{"line":8,"column":2},"end":{"line":8,"column":null}},"type":"if","locations":[{"start":{"line":8,"column":2},"end":{"line":8,"column":null}},{"start":{},"end":{}}],"line":8},"2":{"loc":{"start":{"line":8,"column":6},"end":{"line":8,"column":57}},"type":"binary-expr","locations":[{"start":{"line":8,"column":6},"end":{"line":8,"column":20}},{"start":{"line":8,"column":24},"end":{"line":8,"column":57}}],"line":8},"3":{"loc":{"start":{"line":9,"column":2},"end":{"line":9,"column":null}},"type":"if","locations":[{"start":{"line":9,"column":2},"end":{"line":9,"column":null}},{"start":{},"end":{}}],"line":9},"4":{"loc":{"start":{"line":9,"column":6},"end":{"line":9,"column":49}},"type":"binary-expr","locations":[{"start":{"line":9,"column":6},"end":{"line":9,"column":18}},{"start":{"line":9,"column":22},"end":{"line":9,"column":49}}],"line":9},"5":{"loc":{"start":{"line":12,"column":2},"end":{"line":21,"column":null}},"type":"if","locations":[{"start":{"line":12,"column":2},"end":{"line":21,"column":null}},{"start":{},"end":{}}],"line":12},"6":{"loc":{"start":{"line":16,"column":18},"end":{"line":16,"column":37}},"type":"binary-expr","locations":[{"start":{"line":16,"column":18},"end":{"line":16,"column":29}},{"start":{"line":16,"column":33},"end":{"line":16,"column":37}}],"line":16},"7":{"loc":{"start":{"line":17,"column":6},"end":{"line":17,"column":null}},"type":"if","locations":[{"start":{"line":17,"column":6},"end":{"line":17,"column":null}},{"start":{},"end":{}}],"line":17},"8":{"loc":{"start":{"line":24,"column":2},"end":{"line":24,"column":null}},"type":"if","locations":[{"start":{"line":24,"column":2},"end":{"line":24,"column":null}},{"start":{},"end":{}}],"line":24},"9":{"loc":{"start":{"line":29,"column":4},"end":{"line":29,"column":null}},"type":"if","locations":[{"start":{"line":29,"column":4},"end":{"line":29,"column":null}},{"start":{},"end":{}}],"line":29},"10":{"loc":{"start":{"line":30,"column":4},"end":{"line":30,"column":null}},"type":"if","locations":[{"start":{"line":30,"column":4},"end":{"line":30,"column":null}},{"start":{},"end":{}}],"line":30},"11":{"loc":{"start":{"line":31,"column":4},"end":{"line":31,"column":null}},"type":"if","locations":[{"start":{"line":31,"column":4},"end":{"line":31,"column":null}},{"start":{},"end":{}}],"line":31},"12":{"loc":{"start":{"line":32,"column":4},"end":{"line":32,"column":null}},"type":"if","locations":[{"start":{"line":32,"column":4},"end":{"line":32,"column":null}},{"start":{},"end":{}}],"line":32},"13":{"loc":{"start":{"line":33,"column":4},"end":{"line":33,"column":null}},"type":"if","locations":[{"start":{"line":33,"column":4},"end":{"line":33,"column":null}},{"start":{},"end":{}}],"line":33},"14":{"loc":{"start":{"line":34,"column":4},"end":{"line":34,"column":null}},"type":"if","locations":[{"start":{"line":34,"column":4},"end":{"line":34,"column":null}},{"start":{},"end":{}}],"line":34},"15":{"loc":{"start":{"line":35,"column":4},"end":{"line":35,"column":null}},"type":"if","locations":[{"start":{"line":35,"column":4},"end":{"line":35,"column":null}},{"start":{},"end":{}}],"line":35},"16":{"loc":{"start":{"line":36,"column":4},"end":{"line":36,"column":null}},"type":"if","locations":[{"start":{"line":36,"column":4},"end":{"line":36,"column":null}},{"start":{},"end":{}}],"line":36},"17":{"loc":{"start":{"line":37,"column":4},"end":{"line":37,"column":null}},"type":"if","locations":[{"start":{"line":37,"column":4},"end":{"line":37,"column":null}},{"start":{},"end":{}}],"line":37},"18":{"loc":{"start":{"line":38,"column":4},"end":{"line":38,"column":null}},"type":"if","locations":[{"start":{"line":38,"column":4},"end":{"line":38,"column":null}},{"start":{},"end":{}}],"line":38},"19":{"loc":{"start":{"line":39,"column":4},"end":{"line":39,"column":null}},"type":"if","locations":[{"start":{"line":39,"column":4},"end":{"line":39,"column":null}},{"start":{},"end":{}}],"line":39},"20":{"loc":{"start":{"line":39,"column":22},"end":{"line":39,"column":84}},"type":"binary-expr","locations":[{"start":{"line":39,"column":22},"end":{"line":39,"column":36}},{"start":{"line":39,"column":41},"end":{"line":39,"column":77}},{"start":{"line":39,"column":82},"end":{"line":39,"column":84}}],"line":39},"21":{"loc":{"start":{"line":40,"column":4},"end":{"line":40,"column":null}},"type":"if","locations":[{"start":{"line":40,"column":4},"end":{"line":40,"column":null}},{"start":{},"end":{}}],"line":40},"22":{"loc":{"start":{"line":40,"column":26},"end":{"line":40,"column":42}},"type":"binary-expr","locations":[{"start":{"line":40,"column":26},"end":{"line":40,"column":36}},{"start":{"line":40,"column":40},"end":{"line":40,"column":42}}],"line":40},"23":{"loc":{"start":{"line":41,"column":4},"end":{"line":41,"column":null}},"type":"if","locations":[{"start":{"line":41,"column":4},"end":{"line":41,"column":null}},{"start":{},"end":{}}],"line":41},"24":{"loc":{"start":{"line":41,"column":36},"end":{"line":41,"column":51}},"type":"binary-expr","locations":[{"start":{"line":41,"column":36},"end":{"line":41,"column":45}},{"start":{"line":41,"column":49},"end":{"line":41,"column":51}}],"line":41},"25":{"loc":{"start":{"line":46,"column":4},"end":{"line":46,"column":null}},"type":"if","locations":[{"start":{"line":46,"column":4},"end":{"line":46,"column":null}},{"start":{},"end":{}}],"line":46},"26":{"loc":{"start":{"line":47,"column":4},"end":{"line":47,"column":null}},"type":"if","locations":[{"start":{"line":47,"column":4},"end":{"line":47,"column":null}},{"start":{},"end":{}}],"line":47},"27":{"loc":{"start":{"line":48,"column":4},"end":{"line":48,"column":null}},"type":"if","locations":[{"start":{"line":48,"column":4},"end":{"line":48,"column":null}},{"start":{},"end":{}}],"line":48},"28":{"loc":{"start":{"line":49,"column":4},"end":{"line":49,"column":null}},"type":"if","locations":[{"start":{"line":49,"column":4},"end":{"line":49,"column":null}},{"start":{},"end":{}}],"line":49},"29":{"loc":{"start":{"line":50,"column":4},"end":{"line":50,"column":null}},"type":"if","locations":[{"start":{"line":50,"column":4},"end":{"line":50,"column":null}},{"start":{},"end":{}}],"line":50},"30":{"loc":{"start":{"line":51,"column":4},"end":{"line":51,"column":null}},"type":"if","locations":[{"start":{"line":51,"column":4},"end":{"line":51,"column":null}},{"start":{},"end":{}}],"line":51},"31":{"loc":{"start":{"line":52,"column":4},"end":{"line":52,"column":null}},"type":"if","locations":[{"start":{"line":52,"column":4},"end":{"line":52,"column":null}},{"start":{},"end":{}}],"line":52},"32":{"loc":{"start":{"line":53,"column":4},"end":{"line":53,"column":null}},"type":"if","locations":[{"start":{"line":53,"column":4},"end":{"line":53,"column":null}},{"start":{},"end":{}}],"line":53},"33":{"loc":{"start":{"line":54,"column":4},"end":{"line":54,"column":null}},"type":"if","locations":[{"start":{"line":54,"column":4},"end":{"line":54,"column":null}},{"start":{},"end":{}}],"line":54},"34":{"loc":{"start":{"line":54,"column":40},"end":{"line":54,"column":63}},"type":"binary-expr","locations":[{"start":{"line":54,"column":40},"end":{"line":54,"column":50}},{"start":{"line":54,"column":54},"end":{"line":54,"column":63}}],"line":54},"35":{"loc":{"start":{"line":55,"column":4},"end":{"line":55,"column":null}},"type":"if","locations":[{"start":{"line":55,"column":4},"end":{"line":55,"column":null}},{"start":{},"end":{}}],"line":55},"36":{"loc":{"start":{"line":55,"column":8},"end":{"line":55,"column":37}},"type":"binary-expr","locations":[{"start":{"line":55,"column":8},"end":{"line":55,"column":16}},{"start":{"line":55,"column":20},"end":{"line":55,"column":37}}],"line":55},"37":{"loc":{"start":{"line":56,"column":4},"end":{"line":56,"column":null}},"type":"if","locations":[{"start":{"line":56,"column":4},"end":{"line":56,"column":null}},{"start":{},"end":{}}],"line":56},"38":{"loc":{"start":{"line":57,"column":4},"end":{"line":57,"column":null}},"type":"if","locations":[{"start":{"line":57,"column":4},"end":{"line":57,"column":null}},{"start":{},"end":{}}],"line":57},"39":{"loc":{"start":{"line":58,"column":4},"end":{"line":58,"column":null}},"type":"if","locations":[{"start":{"line":58,"column":4},"end":{"line":58,"column":null}},{"start":{},"end":{}}],"line":58},"40":{"loc":{"start":{"line":61,"column":2},"end":{"line":61,"column":null}},"type":"if","locations":[{"start":{"line":61,"column":2},"end":{"line":61,"column":null}},{"start":{},"end":{}}],"line":61}},"s":{"0":17,"1":17,"2":2,"3":17,"4":17,"5":1,"6":15,"7":2,"8":13,"9":2,"10":2,"11":2,"12":2,"13":2,"14":2,"15":1,"16":1,"17":1,"18":12,"19":12,"20":1,"21":11,"22":11,"23":11,"24":11,"25":1,"26":11,"27":1,"28":11,"29":1,"30":11,"31":11,"32":11,"33":1,"34":11,"35":11,"36":11,"37":11,"38":11,"39":11,"40":11,"41":11,"42":11,"43":11,"44":11,"45":11,"46":11,"47":11,"48":11,"49":11,"50":11,"51":11,"52":10,"53":10,"54":1,"55":10,"56":0,"57":10,"58":1,"59":10,"60":1,"61":10,"62":1,"63":10,"64":10,"65":10,"66":10,"67":10,"68":10,"69":10,"70":10,"71":10,"72":10,"73":10,"74":10,"75":10,"76":10,"77":10,"78":10,"79":11,"80":11,"81":8,"82":8},"f":{"0":17},"b":{"0":[2,15],"1":[1,16],"2":[17,15],"3":[2,13],"4":[15,14],"5":[2,11],"6":[2,1],"7":[1,1],"8":[1,11],"9":[1,10],"10":[1,10],"11":[1,10],"12":[11,0],"13":[1,10],"14":[11,0],"15":[11,0],"16":[11,0],"17":[11,0],"18":[11,0],"19":[11,0],"20":[11,10,10],"21":[11,0],"22":[11,11],"23":[11,0],"24":[11,11],"25":[1,9],"26":[0,10],"27":[1,9],"28":[1,9],"29":[1,9],"30":[10,0],"31":[10,0],"32":[10,0],"33":[10,0],"34":[10,1],"35":[10,0],"36":[10,10],"37":[10,0],"38":[10,0],"39":[10,0],"40":[3,8]},"meta":{"lastBranch":41,"lastFunction":1,"lastStatement":83,"seen":{"f:1:16:1:29":0,"s:2:16:2:27":0,"b:3:2:5:Infinity:undefined:undefined:undefined:undefined":0,"s:3:2:5:Infinity":1,"s:4:4:4:Infinity":2,"s:6:15:6:34":3,"b:8:2:8:Infinity:undefined:undefined:undefined:undefined":1,"s:8:2:8:Infinity":4,"b:8:6:8:20:8:24:8:57":2,"s:8:59:8:Infinity":5,"b:9:2:9:Infinity:undefined:undefined:undefined:undefined":3,"s:9:2:9:Infinity":6,"b:9:6:9:18:9:22:9:49":4,"s:9:51:9:Infinity":7,"b:12:2:21:Infinity:undefined:undefined:undefined:undefined":5,"s:12:2:21:Infinity":8,"s:13:16:13:18":9,"s:14:4:19:Infinity":10,"s:14:17:14:18":11,"s:15:16:15:32":12,"s:16:18:16:37":13,"b:16:18:16:29:16:33:16:37":6,"b:17:6:17:Infinity:undefined:undefined:undefined:undefined":7,"s:17:6:17:Infinity":14,"s:17:16:17:Infinity":15,"s:18:6:18:Infinity":16,"s:20:4:20:Infinity":17,"s:23:21:23:47":18,"b:24:2:24:Infinity:undefined:undefined:undefined:undefined":8,"s:24:2:24:Infinity":19,"s:24:31:24:Infinity":20,"s:26:17:26:19":21,"s:27:2:42:Infinity":22,"s:28:14:28:32":23,"b:29:4:29:Infinity:undefined:undefined:undefined:undefined":9,"s:29:4:29:Infinity":24,"s:29:17:29:Infinity":25,"b:30:4:30:Infinity:undefined:undefined:undefined:undefined":10,"s:30:4:30:Infinity":26,"s:30:16:30:Infinity":27,"b:31:4:31:Infinity:undefined:undefined:undefined:undefined":11,"s:31:4:31:Infinity":28,"s:31:16:31:Infinity":29,"b:32:4:32:Infinity:undefined:undefined:undefined:undefined":12,"s:32:4:32:Infinity":30,"s:32:22:32:Infinity":31,"b:33:4:33:Infinity:undefined:undefined:undefined:undefined":13,"s:33:4:33:Infinity":32,"s:33:15:33:Infinity":33,"b:34:4:34:Infinity:undefined:undefined:undefined:undefined":14,"s:34:4:34:Infinity":34,"s:34:17:34:Infinity":35,"b:35:4:35:Infinity:undefined:undefined:undefined:undefined":15,"s:35:4:35:Infinity":36,"s:35:18:35:Infinity":37,"b:36:4:36:Infinity:undefined:undefined:undefined:undefined":16,"s:36:4:36:Infinity":38,"s:36:26:36:Infinity":39,"b:37:4:37:Infinity:undefined:undefined:undefined:undefined":17,"s:37:4:37:Infinity":40,"s:37:21:37:Infinity":41,"b:38:4:38:Infinity:undefined:undefined:undefined:undefined":18,"s:38:4:38:Infinity":42,"s:38:17:38:Infinity":43,"b:39:4:39:Infinity:undefined:undefined:undefined:undefined":19,"s:39:4:39:Infinity":44,"s:39:15:39:Infinity":45,"b:39:22:39:36:39:41:39:77:39:82:39:84":20,"b:40:4:40:Infinity:undefined:undefined:undefined:undefined":21,"s:40:4:40:Infinity":46,"s:40:17:40:Infinity":47,"b:40:26:40:36:40:40:40:42":22,"b:41:4:41:Infinity:undefined:undefined:undefined:undefined":23,"s:41:4:41:Infinity":48,"s:41:22:41:Infinity":49,"b:41:36:41:45:41:49:41:51":24,"s:44:2:59:Infinity":50,"s:44:15:44:16":51,"s:45:14:45:28":52,"b:46:4:46:Infinity:undefined:undefined:undefined:undefined":25,"s:46:4:46:Infinity":53,"s:46:15:46:Infinity":54,"b:47:4:47:Infinity:undefined:undefined:undefined:undefined":26,"s:47:4:47:Infinity":55,"s:47:22:47:Infinity":56,"b:48:4:48:Infinity:undefined:undefined:undefined:undefined":27,"s:48:4:48:Infinity":57,"s:48:37:48:Infinity":58,"b:49:4:49:Infinity:undefined:undefined:undefined:undefined":28,"s:49:4:49:Infinity":59,"s:49:21:49:Infinity":60,"b:50:4:50:Infinity:undefined:undefined:undefined:undefined":29,"s:50:4:50:Infinity":61,"s:50:21:50:Infinity":62,"b:51:4:51:Infinity:undefined:undefined:undefined:undefined":30,"s:51:4:51:Infinity":63,"s:51:19:51:Infinity":64,"b:52:4:52:Infinity:undefined:undefined:undefined:undefined":31,"s:52:4:52:Infinity":65,"s:52:21:52:Infinity":66,"b:53:4:53:Infinity:undefined:undefined:undefined:undefined":32,"s:53:4:53:Infinity":67,"s:53:21:53:Infinity":68,"b:54:4:54:Infinity:undefined:undefined:undefined:undefined":33,"s:54:4:54:Infinity":69,"s:54:20:54:Infinity":70,"b:54:40:54:50:54:54:54:63":34,"b:55:4:55:Infinity:undefined:undefined:undefined:undefined":35,"s:55:4:55:Infinity":71,"b:55:8:55:16:55:20:55:37":36,"s:55:39:55:Infinity":72,"b:56:4:56:Infinity:undefined:undefined:undefined:undefined":37,"s:56:4:56:Infinity":73,"s:56:21:56:Infinity":74,"b:57:4:57:Infinity:undefined:undefined:undefined:undefined":38,"s:57:4:57:Infinity":75,"s:57:24:57:Infinity":76,"b:58:4:58:Infinity:undefined:undefined:undefined:undefined":39,"s:58:4:58:Infinity":77,"s:58:20:58:Infinity":78,"b:61:2:61:Infinity:undefined:undefined:undefined:undefined":40,"s:61:2:61:Infinity":79,"s:61:25:61:Infinity":80,"s:63:2:63:Infinity":81,"s:65:2:65:Infinity":82}}}
}
